versions pytest-8.4.1, python-3.11.1.final.0
invocation_dir=/Users/stallex/PycharmProjects/new_project
cwd=/Users/stallex/PycharmProjects/new_project
args=('-k', 'test_ssss', '--headed', '--debug')

  pytest_cmdline_main [hook]
      config: <_pytest.config.Config object at 0x105dbeb10>
    pytest_plugin_registered [hook]
        plugin: <Session  exitstatus='<UNSET>' testsfailed=0 testscollected=0>
        plugin_name: session
        manager: <_pytest.config.PytestPluginManager object at 0x105795090>
    finish pytest_plugin_registered --> [] [hook]
    pytest_configure [hook]
        config: <_pytest.config.Config object at 0x105dbeb10>
      pytest_plugin_registered [hook]
          plugin: <_pytest.cacheprovider.LFPlugin object at 0x107596390>
          plugin_name: lfplugin
          manager: <_pytest.config.PytestPluginManager object at 0x105795090>
      finish pytest_plugin_registered --> [] [hook]
      pytest_plugin_registered [hook]
          plugin: <_pytest.cacheprovider.NFPlugin object at 0x1075ac210>
          plugin_name: nfplugin
          manager: <_pytest.config.PytestPluginManager object at 0x105795090>
      finish pytest_plugin_registered --> [] [hook]
    early skip of rewriting module: faulthandler [assertion]
      pytest_plugin_registered [hook]
          plugin: <class '_pytest.legacypath.LegacyTmpdirPlugin'>
          plugin_name: legacypath-tmpdir
          manager: <_pytest.config.PytestPluginManager object at 0x105795090>
      finish pytest_plugin_registered --> [] [hook]
      pytest_plugin_registered [hook]
          plugin: <_pytest.config.PytestPluginManager object at 0x105795090>
          plugin_name: 4386803856
          manager: <_pytest.config.PytestPluginManager object at 0x105795090>
      finish pytest_plugin_registered --> [] [hook]
      pytest_plugin_registered [hook]
          plugin: <_pytest.config.Config object at 0x105dbeb10>
          plugin_name: pytestconfig
          manager: <_pytest.config.PytestPluginManager object at 0x105795090>
      finish pytest_plugin_registered --> [] [hook]
      pytest_plugin_registered [hook]
          plugin: <module '_pytest.mark' from '/Users/stallex/PycharmProjects/new_project/.venv/lib/python3.11/site-packages/_pytest/mark/__init__.py'>
          plugin_name: mark
          manager: <_pytest.config.PytestPluginManager object at 0x105795090>
      finish pytest_plugin_registered --> [] [hook]
      pytest_plugin_registered [hook]
          plugin: <module '_pytest.main' from '/Users/stallex/PycharmProjects/new_project/.venv/lib/python3.11/site-packages/_pytest/main.py'>
          plugin_name: main
          manager: <_pytest.config.PytestPluginManager object at 0x105795090>
      finish pytest_plugin_registered --> [] [hook]
      pytest_plugin_registered [hook]
          plugin: <module '_pytest.runner' from '/Users/stallex/PycharmProjects/new_project/.venv/lib/python3.11/site-packages/_pytest/runner.py'>
          plugin_name: runner
          manager: <_pytest.config.PytestPluginManager object at 0x105795090>
      finish pytest_plugin_registered --> [] [hook]
      pytest_plugin_registered [hook]
          plugin: <module '_pytest.fixtures' from '/Users/stallex/PycharmProjects/new_project/.venv/lib/python3.11/site-packages/_pytest/fixtures.py'>
          plugin_name: fixtures
          manager: <_pytest.config.PytestPluginManager object at 0x105795090>
      finish pytest_plugin_registered --> [] [hook]
      pytest_plugin_registered [hook]
          plugin: <module '_pytest.helpconfig' from '/Users/stallex/PycharmProjects/new_project/.venv/lib/python3.11/site-packages/_pytest/helpconfig.py'>
          plugin_name: helpconfig
          manager: <_pytest.config.PytestPluginManager object at 0x105795090>
      finish pytest_plugin_registered --> [] [hook]
      pytest_plugin_registered [hook]
          plugin: <module '_pytest.python' from '/Users/stallex/PycharmProjects/new_project/.venv/lib/python3.11/site-packages/_pytest/python.py'>
          plugin_name: python
          manager: <_pytest.config.PytestPluginManager object at 0x105795090>
      finish pytest_plugin_registered --> [] [hook]
      pytest_plugin_registered [hook]
          plugin: <module '_pytest.terminal' from '/Users/stallex/PycharmProjects/new_project/.venv/lib/python3.11/site-packages/_pytest/terminal.py'>
          plugin_name: terminal
          manager: <_pytest.config.PytestPluginManager object at 0x105795090>
      finish pytest_plugin_registered --> [] [hook]
      pytest_plugin_registered [hook]
          plugin: <module '_pytest.debugging' from '/Users/stallex/PycharmProjects/new_project/.venv/lib/python3.11/site-packages/_pytest/debugging.py'>
          plugin_name: debugging
          manager: <_pytest.config.PytestPluginManager object at 0x105795090>
      finish pytest_plugin_registered --> [] [hook]
      pytest_plugin_registered [hook]
          plugin: <module '_pytest.unittest' from '/Users/stallex/PycharmProjects/new_project/.venv/lib/python3.11/site-packages/_pytest/unittest.py'>
          plugin_name: unittest
          manager: <_pytest.config.PytestPluginManager object at 0x105795090>
      finish pytest_plugin_registered --> [] [hook]
      pytest_plugin_registered [hook]
          plugin: <module '_pytest.capture' from '/Users/stallex/PycharmProjects/new_project/.venv/lib/python3.11/site-packages/_pytest/capture.py'>
          plugin_name: capture
          manager: <_pytest.config.PytestPluginManager object at 0x105795090>
      finish pytest_plugin_registered --> [] [hook]
      pytest_plugin_registered [hook]
          plugin: <module '_pytest.skipping' from '/Users/stallex/PycharmProjects/new_project/.venv/lib/python3.11/site-packages/_pytest/skipping.py'>
          plugin_name: skipping
          manager: <_pytest.config.PytestPluginManager object at 0x105795090>
      finish pytest_plugin_registered --> [] [hook]
      pytest_plugin_registered [hook]
          plugin: <module '_pytest.legacypath' from '/Users/stallex/PycharmProjects/new_project/.venv/lib/python3.11/site-packages/_pytest/legacypath.py'>
          plugin_name: legacypath
          manager: <_pytest.config.PytestPluginManager object at 0x105795090>
      finish pytest_plugin_registered --> [] [hook]
      pytest_plugin_registered [hook]
          plugin: <module '_pytest.tmpdir' from '/Users/stallex/PycharmProjects/new_project/.venv/lib/python3.11/site-packages/_pytest/tmpdir.py'>
          plugin_name: tmpdir
          manager: <_pytest.config.PytestPluginManager object at 0x105795090>
      finish pytest_plugin_registered --> [] [hook]
      pytest_plugin_registered [hook]
          plugin: <module '_pytest.monkeypatch' from '/Users/stallex/PycharmProjects/new_project/.venv/lib/python3.11/site-packages/_pytest/monkeypatch.py'>
          plugin_name: monkeypatch
          manager: <_pytest.config.PytestPluginManager object at 0x105795090>
      finish pytest_plugin_registered --> [] [hook]
      pytest_plugin_registered [hook]
          plugin: <module '_pytest.recwarn' from '/Users/stallex/PycharmProjects/new_project/.venv/lib/python3.11/site-packages/_pytest/recwarn.py'>
          plugin_name: recwarn
          manager: <_pytest.config.PytestPluginManager object at 0x105795090>
      finish pytest_plugin_registered --> [] [hook]
      pytest_plugin_registered [hook]
          plugin: <module '_pytest.pastebin' from '/Users/stallex/PycharmProjects/new_project/.venv/lib/python3.11/site-packages/_pytest/pastebin.py'>
          plugin_name: pastebin
          manager: <_pytest.config.PytestPluginManager object at 0x105795090>
      finish pytest_plugin_registered --> [] [hook]
      pytest_plugin_registered [hook]
          plugin: <module '_pytest.assertion' from '/Users/stallex/PycharmProjects/new_project/.venv/lib/python3.11/site-packages/_pytest/assertion/__init__.py'>
          plugin_name: assertion
          manager: <_pytest.config.PytestPluginManager object at 0x105795090>
      finish pytest_plugin_registered --> [] [hook]
      pytest_plugin_registered [hook]
          plugin: <module '_pytest.junitxml' from '/Users/stallex/PycharmProjects/new_project/.venv/lib/python3.11/site-packages/_pytest/junitxml.py'>
          plugin_name: junitxml
          manager: <_pytest.config.PytestPluginManager object at 0x105795090>
      finish pytest_plugin_registered --> [] [hook]
      pytest_plugin_registered [hook]
          plugin: <module '_pytest.doctest' from '/Users/stallex/PycharmProjects/new_project/.venv/lib/python3.11/site-packages/_pytest/doctest.py'>
          plugin_name: doctest
          manager: <_pytest.config.PytestPluginManager object at 0x105795090>
      finish pytest_plugin_registered --> [] [hook]
      pytest_plugin_registered [hook]
          plugin: <module '_pytest.cacheprovider' from '/Users/stallex/PycharmProjects/new_project/.venv/lib/python3.11/site-packages/_pytest/cacheprovider.py'>
          plugin_name: cacheprovider
          manager: <_pytest.config.PytestPluginManager object at 0x105795090>
      finish pytest_plugin_registered --> [] [hook]
      pytest_plugin_registered [hook]
          plugin: <module '_pytest.freeze_support' from '/Users/stallex/PycharmProjects/new_project/.venv/lib/python3.11/site-packages/_pytest/freeze_support.py'>
          plugin_name: freeze_support
          manager: <_pytest.config.PytestPluginManager object at 0x105795090>
      finish pytest_plugin_registered --> [] [hook]
      pytest_plugin_registered [hook]
          plugin: <module '_pytest.setuponly' from '/Users/stallex/PycharmProjects/new_project/.venv/lib/python3.11/site-packages/_pytest/setuponly.py'>
          plugin_name: setuponly
          manager: <_pytest.config.PytestPluginManager object at 0x105795090>
      finish pytest_plugin_registered --> [] [hook]
      pytest_plugin_registered [hook]
          plugin: <module '_pytest.setupplan' from '/Users/stallex/PycharmProjects/new_project/.venv/lib/python3.11/site-packages/_pytest/setupplan.py'>
          plugin_name: setupplan
          manager: <_pytest.config.PytestPluginManager object at 0x105795090>
      finish pytest_plugin_registered --> [] [hook]
      pytest_plugin_registered [hook]
          plugin: <module '_pytest.stepwise' from '/Users/stallex/PycharmProjects/new_project/.venv/lib/python3.11/site-packages/_pytest/stepwise.py'>
          plugin_name: stepwise
          manager: <_pytest.config.PytestPluginManager object at 0x105795090>
      finish pytest_plugin_registered --> [] [hook]
      pytest_plugin_registered [hook]
          plugin: <module '_pytest.unraisableexception' from '/Users/stallex/PycharmProjects/new_project/.venv/lib/python3.11/site-packages/_pytest/unraisableexception.py'>
          plugin_name: unraisableexception
          manager: <_pytest.config.PytestPluginManager object at 0x105795090>
      finish pytest_plugin_registered --> [] [hook]
      pytest_plugin_registered [hook]
          plugin: <module '_pytest.threadexception' from '/Users/stallex/PycharmProjects/new_project/.venv/lib/python3.11/site-packages/_pytest/threadexception.py'>
          plugin_name: threadexception
          manager: <_pytest.config.PytestPluginManager object at 0x105795090>
      finish pytest_plugin_registered --> [] [hook]
      pytest_plugin_registered [hook]
          plugin: <module '_pytest.warnings' from '/Users/stallex/PycharmProjects/new_project/.venv/lib/python3.11/site-packages/_pytest/warnings.py'>
          plugin_name: warnings
          manager: <_pytest.config.PytestPluginManager object at 0x105795090>
      finish pytest_plugin_registered --> [] [hook]
      pytest_plugin_registered [hook]
          plugin: <module '_pytest.logging' from '/Users/stallex/PycharmProjects/new_project/.venv/lib/python3.11/site-packages/_pytest/logging.py'>
          plugin_name: logging
          manager: <_pytest.config.PytestPluginManager object at 0x105795090>
      finish pytest_plugin_registered --> [] [hook]
      pytest_plugin_registered [hook]
          plugin: <module '_pytest.reports' from '/Users/stallex/PycharmProjects/new_project/.venv/lib/python3.11/site-packages/_pytest/reports.py'>
          plugin_name: reports
          manager: <_pytest.config.PytestPluginManager object at 0x105795090>
      finish pytest_plugin_registered --> [] [hook]
      pytest_plugin_registered [hook]
          plugin: <module '_pytest.faulthandler' from '/Users/stallex/PycharmProjects/new_project/.venv/lib/python3.11/site-packages/_pytest/faulthandler.py'>
          plugin_name: faulthandler
          manager: <_pytest.config.PytestPluginManager object at 0x105795090>
      finish pytest_plugin_registered --> [] [hook]
      pytest_plugin_registered [hook]
          plugin: <module 'allure_pytest.plugin' from '/Users/stallex/PycharmProjects/new_project/.venv/lib/python3.11/site-packages/allure_pytest/plugin.py'>
          plugin_name: allure_pytest
          manager: <_pytest.config.PytestPluginManager object at 0x105795090>
      finish pytest_plugin_registered --> [] [hook]
      pytest_plugin_registered [hook]
          plugin: <module 'pytest_playwright.pytest_playwright' from '/Users/stallex/PycharmProjects/new_project/.venv/lib/python3.11/site-packages/pytest_playwright/pytest_playwright.py'>
          plugin_name: playwright
          manager: <_pytest.config.PytestPluginManager object at 0x105795090>
      finish pytest_plugin_registered --> [] [hook]
      pytest_plugin_registered [hook]
          plugin: <module 'pytest_base_url.plugin' from '/Users/stallex/PycharmProjects/new_project/.venv/lib/python3.11/site-packages/pytest_base_url/plugin.py'>
          plugin_name: base_url
          manager: <_pytest.config.PytestPluginManager object at 0x105795090>
      finish pytest_plugin_registered --> [] [hook]
      pytest_plugin_registered [hook]
          plugin: <module 'faker.contrib.pytest.plugin' from '/Users/stallex/PycharmProjects/new_project/.venv/lib/python3.11/site-packages/faker/contrib/pytest/plugin.py'>
          plugin_name: faker
          manager: <_pytest.config.PytestPluginManager object at 0x105795090>
      finish pytest_plugin_registered --> [] [hook]
      pytest_plugin_registered [hook]
          plugin: <CaptureManager _method='fd' _global_capturing=<MultiCapture out=<FDCapture 1 oldfd=5 _state='suspended' tmpfile=<_io.TextIOWrapper name="<_io.FileIO name=6 mode='rb+' closefd=True>" mode='r+' encoding='utf-8'>> err=<FDCapture 2 oldfd=7 _state='suspended' tmpfile=<_io.TextIOWrapper name="<_io.FileIO name=8 mode='rb+' closefd=True>" mode='r+' encoding='utf-8'>> in_=<FDCapture 0 oldfd=3 _state='started' tmpfile=<_io.TextIOWrapper name='/dev/null' mode='r' encoding='utf-8'>> _state='suspended' _in_suspended=False> _capture_fixture=None>
          plugin_name: capturemanager
          manager: <_pytest.config.PytestPluginManager object at 0x105795090>
      finish pytest_plugin_registered --> [] [hook]
      pytest_plugin_registered [hook]
          plugin: <module 'conftest' from '/Users/stallex/PycharmProjects/new_project/conftest.py'>
          plugin_name: /Users/stallex/PycharmProjects/new_project/conftest.py
          manager: <_pytest.config.PytestPluginManager object at 0x105795090>
      finish pytest_plugin_registered --> [] [hook]
      pytest_plugin_registered [hook]
          plugin: <Session  exitstatus=<ExitCode.OK: 0> testsfailed=0 testscollected=0>
          plugin_name: session
          manager: <_pytest.config.PytestPluginManager object at 0x105795090>
      finish pytest_plugin_registered --> [] [hook]
      pytest_plugin_registered [hook]
          plugin: <_pytest.cacheprovider.LFPlugin object at 0x107596390>
          plugin_name: lfplugin
          manager: <_pytest.config.PytestPluginManager object at 0x105795090>
      finish pytest_plugin_registered --> [] [hook]
      pytest_plugin_registered [hook]
          plugin: <_pytest.cacheprovider.NFPlugin object at 0x1075ac210>
          plugin_name: nfplugin
          manager: <_pytest.config.PytestPluginManager object at 0x105795090>
      finish pytest_plugin_registered --> [] [hook]
      pytest_plugin_registered [hook]
          plugin: <class '_pytest.legacypath.LegacyTmpdirPlugin'>
          plugin_name: legacypath-tmpdir
          manager: <_pytest.config.PytestPluginManager object at 0x105795090>
      finish pytest_plugin_registered --> [] [hook]
      pytest_plugin_registered [hook]
          plugin: <_pytest.terminal.TerminalReporter object at 0x1065b8750>
          plugin_name: terminalreporter
          manager: <_pytest.config.PytestPluginManager object at 0x105795090>
      finish pytest_plugin_registered --> [] [hook]
      pytest_plugin_registered [hook]
          plugin: <_pytest.logging.LoggingPlugin object at 0x1075adf90>
          plugin_name: logging-plugin
          manager: <_pytest.config.PytestPluginManager object at 0x105795090>
      finish pytest_plugin_registered --> [] [hook]
    finish pytest_configure --> [] [hook]
    pytest_sessionstart [hook]
        session: <Session  exitstatus=<ExitCode.OK: 0> testsfailed=0 testscollected=0>
      pytest_plugin_registered [hook]
          plugin: <_pytest.config.PytestPluginManager object at 0x105795090>
          plugin_name: 4386803856
          manager: <_pytest.config.PytestPluginManager object at 0x105795090>
      finish pytest_plugin_registered --> [] [hook]
      pytest_plugin_registered [hook]
          plugin: <_pytest.config.Config object at 0x105dbeb10>
          plugin_name: pytestconfig
          manager: <_pytest.config.PytestPluginManager object at 0x105795090>
      finish pytest_plugin_registered --> [] [hook]
      pytest_plugin_registered [hook]
          plugin: <module '_pytest.mark' from '/Users/stallex/PycharmProjects/new_project/.venv/lib/python3.11/site-packages/_pytest/mark/__init__.py'>
          plugin_name: mark
          manager: <_pytest.config.PytestPluginManager object at 0x105795090>
      finish pytest_plugin_registered --> [] [hook]
      pytest_plugin_registered [hook]
          plugin: <module '_pytest.main' from '/Users/stallex/PycharmProjects/new_project/.venv/lib/python3.11/site-packages/_pytest/main.py'>
          plugin_name: main
          manager: <_pytest.config.PytestPluginManager object at 0x105795090>
      finish pytest_plugin_registered --> [] [hook]
      pytest_plugin_registered [hook]
          plugin: <module '_pytest.runner' from '/Users/stallex/PycharmProjects/new_project/.venv/lib/python3.11/site-packages/_pytest/runner.py'>
          plugin_name: runner
          manager: <_pytest.config.PytestPluginManager object at 0x105795090>
      finish pytest_plugin_registered --> [] [hook]
      pytest_plugin_registered [hook]
          plugin: <module '_pytest.fixtures' from '/Users/stallex/PycharmProjects/new_project/.venv/lib/python3.11/site-packages/_pytest/fixtures.py'>
          plugin_name: fixtures
          manager: <_pytest.config.PytestPluginManager object at 0x105795090>
      finish pytest_plugin_registered --> [] [hook]
      pytest_plugin_registered [hook]
          plugin: <module '_pytest.helpconfig' from '/Users/stallex/PycharmProjects/new_project/.venv/lib/python3.11/site-packages/_pytest/helpconfig.py'>
          plugin_name: helpconfig
          manager: <_pytest.config.PytestPluginManager object at 0x105795090>
      finish pytest_plugin_registered --> [] [hook]
      pytest_plugin_registered [hook]
          plugin: <module '_pytest.python' from '/Users/stallex/PycharmProjects/new_project/.venv/lib/python3.11/site-packages/_pytest/python.py'>
          plugin_name: python
          manager: <_pytest.config.PytestPluginManager object at 0x105795090>
      finish pytest_plugin_registered --> [] [hook]
      pytest_plugin_registered [hook]
          plugin: <module '_pytest.terminal' from '/Users/stallex/PycharmProjects/new_project/.venv/lib/python3.11/site-packages/_pytest/terminal.py'>
          plugin_name: terminal
          manager: <_pytest.config.PytestPluginManager object at 0x105795090>
      finish pytest_plugin_registered --> [] [hook]
      pytest_plugin_registered [hook]
          plugin: <module '_pytest.debugging' from '/Users/stallex/PycharmProjects/new_project/.venv/lib/python3.11/site-packages/_pytest/debugging.py'>
          plugin_name: debugging
          manager: <_pytest.config.PytestPluginManager object at 0x105795090>
      finish pytest_plugin_registered --> [] [hook]
      pytest_plugin_registered [hook]
          plugin: <module '_pytest.unittest' from '/Users/stallex/PycharmProjects/new_project/.venv/lib/python3.11/site-packages/_pytest/unittest.py'>
          plugin_name: unittest
          manager: <_pytest.config.PytestPluginManager object at 0x105795090>
      finish pytest_plugin_registered --> [] [hook]
      pytest_plugin_registered [hook]
          plugin: <module '_pytest.capture' from '/Users/stallex/PycharmProjects/new_project/.venv/lib/python3.11/site-packages/_pytest/capture.py'>
          plugin_name: capture
          manager: <_pytest.config.PytestPluginManager object at 0x105795090>
      finish pytest_plugin_registered --> [] [hook]
      pytest_plugin_registered [hook]
          plugin: <module '_pytest.skipping' from '/Users/stallex/PycharmProjects/new_project/.venv/lib/python3.11/site-packages/_pytest/skipping.py'>
          plugin_name: skipping
          manager: <_pytest.config.PytestPluginManager object at 0x105795090>
      finish pytest_plugin_registered --> [] [hook]
      pytest_plugin_registered [hook]
          plugin: <module '_pytest.legacypath' from '/Users/stallex/PycharmProjects/new_project/.venv/lib/python3.11/site-packages/_pytest/legacypath.py'>
          plugin_name: legacypath
          manager: <_pytest.config.PytestPluginManager object at 0x105795090>
      finish pytest_plugin_registered --> [] [hook]
      pytest_plugin_registered [hook]
          plugin: <module '_pytest.tmpdir' from '/Users/stallex/PycharmProjects/new_project/.venv/lib/python3.11/site-packages/_pytest/tmpdir.py'>
          plugin_name: tmpdir
          manager: <_pytest.config.PytestPluginManager object at 0x105795090>
      finish pytest_plugin_registered --> [] [hook]
      pytest_plugin_registered [hook]
          plugin: <module '_pytest.monkeypatch' from '/Users/stallex/PycharmProjects/new_project/.venv/lib/python3.11/site-packages/_pytest/monkeypatch.py'>
          plugin_name: monkeypatch
          manager: <_pytest.config.PytestPluginManager object at 0x105795090>
      finish pytest_plugin_registered --> [] [hook]
      pytest_plugin_registered [hook]
          plugin: <module '_pytest.recwarn' from '/Users/stallex/PycharmProjects/new_project/.venv/lib/python3.11/site-packages/_pytest/recwarn.py'>
          plugin_name: recwarn
          manager: <_pytest.config.PytestPluginManager object at 0x105795090>
      finish pytest_plugin_registered --> [] [hook]
      pytest_plugin_registered [hook]
          plugin: <module '_pytest.pastebin' from '/Users/stallex/PycharmProjects/new_project/.venv/lib/python3.11/site-packages/_pytest/pastebin.py'>
          plugin_name: pastebin
          manager: <_pytest.config.PytestPluginManager object at 0x105795090>
      finish pytest_plugin_registered --> [] [hook]
      pytest_plugin_registered [hook]
          plugin: <module '_pytest.assertion' from '/Users/stallex/PycharmProjects/new_project/.venv/lib/python3.11/site-packages/_pytest/assertion/__init__.py'>
          plugin_name: assertion
          manager: <_pytest.config.PytestPluginManager object at 0x105795090>
      finish pytest_plugin_registered --> [] [hook]
      pytest_plugin_registered [hook]
          plugin: <module '_pytest.junitxml' from '/Users/stallex/PycharmProjects/new_project/.venv/lib/python3.11/site-packages/_pytest/junitxml.py'>
          plugin_name: junitxml
          manager: <_pytest.config.PytestPluginManager object at 0x105795090>
      finish pytest_plugin_registered --> [] [hook]
      pytest_plugin_registered [hook]
          plugin: <module '_pytest.doctest' from '/Users/stallex/PycharmProjects/new_project/.venv/lib/python3.11/site-packages/_pytest/doctest.py'>
          plugin_name: doctest
          manager: <_pytest.config.PytestPluginManager object at 0x105795090>
      finish pytest_plugin_registered --> [] [hook]
      pytest_plugin_registered [hook]
          plugin: <module '_pytest.cacheprovider' from '/Users/stallex/PycharmProjects/new_project/.venv/lib/python3.11/site-packages/_pytest/cacheprovider.py'>
          plugin_name: cacheprovider
          manager: <_pytest.config.PytestPluginManager object at 0x105795090>
      finish pytest_plugin_registered --> [] [hook]
      pytest_plugin_registered [hook]
          plugin: <module '_pytest.freeze_support' from '/Users/stallex/PycharmProjects/new_project/.venv/lib/python3.11/site-packages/_pytest/freeze_support.py'>
          plugin_name: freeze_support
          manager: <_pytest.config.PytestPluginManager object at 0x105795090>
      finish pytest_plugin_registered --> [] [hook]
      pytest_plugin_registered [hook]
          plugin: <module '_pytest.setuponly' from '/Users/stallex/PycharmProjects/new_project/.venv/lib/python3.11/site-packages/_pytest/setuponly.py'>
          plugin_name: setuponly
          manager: <_pytest.config.PytestPluginManager object at 0x105795090>
      finish pytest_plugin_registered --> [] [hook]
      pytest_plugin_registered [hook]
          plugin: <module '_pytest.setupplan' from '/Users/stallex/PycharmProjects/new_project/.venv/lib/python3.11/site-packages/_pytest/setupplan.py'>
          plugin_name: setupplan
          manager: <_pytest.config.PytestPluginManager object at 0x105795090>
      finish pytest_plugin_registered --> [] [hook]
      pytest_plugin_registered [hook]
          plugin: <module '_pytest.stepwise' from '/Users/stallex/PycharmProjects/new_project/.venv/lib/python3.11/site-packages/_pytest/stepwise.py'>
          plugin_name: stepwise
          manager: <_pytest.config.PytestPluginManager object at 0x105795090>
      finish pytest_plugin_registered --> [] [hook]
      pytest_plugin_registered [hook]
          plugin: <module '_pytest.unraisableexception' from '/Users/stallex/PycharmProjects/new_project/.venv/lib/python3.11/site-packages/_pytest/unraisableexception.py'>
          plugin_name: unraisableexception
          manager: <_pytest.config.PytestPluginManager object at 0x105795090>
      finish pytest_plugin_registered --> [] [hook]
      pytest_plugin_registered [hook]
          plugin: <module '_pytest.threadexception' from '/Users/stallex/PycharmProjects/new_project/.venv/lib/python3.11/site-packages/_pytest/threadexception.py'>
          plugin_name: threadexception
          manager: <_pytest.config.PytestPluginManager object at 0x105795090>
      finish pytest_plugin_registered --> [] [hook]
      pytest_plugin_registered [hook]
          plugin: <module '_pytest.warnings' from '/Users/stallex/PycharmProjects/new_project/.venv/lib/python3.11/site-packages/_pytest/warnings.py'>
          plugin_name: warnings
          manager: <_pytest.config.PytestPluginManager object at 0x105795090>
      finish pytest_plugin_registered --> [] [hook]
      pytest_plugin_registered [hook]
          plugin: <module '_pytest.logging' from '/Users/stallex/PycharmProjects/new_project/.venv/lib/python3.11/site-packages/_pytest/logging.py'>
          plugin_name: logging
          manager: <_pytest.config.PytestPluginManager object at 0x105795090>
      finish pytest_plugin_registered --> [] [hook]
      pytest_plugin_registered [hook]
          plugin: <module '_pytest.reports' from '/Users/stallex/PycharmProjects/new_project/.venv/lib/python3.11/site-packages/_pytest/reports.py'>
          plugin_name: reports
          manager: <_pytest.config.PytestPluginManager object at 0x105795090>
      finish pytest_plugin_registered --> [] [hook]
      pytest_plugin_registered [hook]
          plugin: <module '_pytest.faulthandler' from '/Users/stallex/PycharmProjects/new_project/.venv/lib/python3.11/site-packages/_pytest/faulthandler.py'>
          plugin_name: faulthandler
          manager: <_pytest.config.PytestPluginManager object at 0x105795090>
      finish pytest_plugin_registered --> [] [hook]
      pytest_plugin_registered [hook]
          plugin: <module 'allure_pytest.plugin' from '/Users/stallex/PycharmProjects/new_project/.venv/lib/python3.11/site-packages/allure_pytest/plugin.py'>
          plugin_name: allure_pytest
          manager: <_pytest.config.PytestPluginManager object at 0x105795090>
      finish pytest_plugin_registered --> [] [hook]
      pytest_plugin_registered [hook]
          plugin: <module 'pytest_playwright.pytest_playwright' from '/Users/stallex/PycharmProjects/new_project/.venv/lib/python3.11/site-packages/pytest_playwright/pytest_playwright.py'>
          plugin_name: playwright
          manager: <_pytest.config.PytestPluginManager object at 0x105795090>
      finish pytest_plugin_registered --> [] [hook]
      pytest_plugin_registered [hook]
          plugin: <module 'pytest_base_url.plugin' from '/Users/stallex/PycharmProjects/new_project/.venv/lib/python3.11/site-packages/pytest_base_url/plugin.py'>
          plugin_name: base_url
          manager: <_pytest.config.PytestPluginManager object at 0x105795090>
      finish pytest_plugin_registered --> [] [hook]
      pytest_plugin_registered [hook]
          plugin: <module 'faker.contrib.pytest.plugin' from '/Users/stallex/PycharmProjects/new_project/.venv/lib/python3.11/site-packages/faker/contrib/pytest/plugin.py'>
          plugin_name: faker
          manager: <_pytest.config.PytestPluginManager object at 0x105795090>
      finish pytest_plugin_registered --> [] [hook]
      pytest_plugin_registered [hook]
          plugin: <CaptureManager _method='fd' _global_capturing=<MultiCapture out=<FDCapture 1 oldfd=5 _state='suspended' tmpfile=<_io.TextIOWrapper name="<_io.FileIO name=6 mode='rb+' closefd=True>" mode='r+' encoding='utf-8'>> err=<FDCapture 2 oldfd=7 _state='suspended' tmpfile=<_io.TextIOWrapper name="<_io.FileIO name=8 mode='rb+' closefd=True>" mode='r+' encoding='utf-8'>> in_=<FDCapture 0 oldfd=3 _state='started' tmpfile=<_io.TextIOWrapper name='/dev/null' mode='r' encoding='utf-8'>> _state='suspended' _in_suspended=False> _capture_fixture=None>
          plugin_name: capturemanager
          manager: <_pytest.config.PytestPluginManager object at 0x105795090>
      finish pytest_plugin_registered --> [] [hook]
      pytest_plugin_registered [hook]
          plugin: <module 'conftest' from '/Users/stallex/PycharmProjects/new_project/conftest.py'>
          plugin_name: /Users/stallex/PycharmProjects/new_project/conftest.py
          manager: <_pytest.config.PytestPluginManager object at 0x105795090>
      finish pytest_plugin_registered --> [] [hook]
      pytest_plugin_registered [hook]
          plugin: <Session  exitstatus=<ExitCode.OK: 0> testsfailed=0 testscollected=0>
          plugin_name: session
          manager: <_pytest.config.PytestPluginManager object at 0x105795090>
      finish pytest_plugin_registered --> [] [hook]
      pytest_plugin_registered [hook]
          plugin: <_pytest.cacheprovider.LFPlugin object at 0x107596390>
          plugin_name: lfplugin
          manager: <_pytest.config.PytestPluginManager object at 0x105795090>
      finish pytest_plugin_registered --> [] [hook]
      pytest_plugin_registered [hook]
          plugin: <_pytest.cacheprovider.NFPlugin object at 0x1075ac210>
          plugin_name: nfplugin
          manager: <_pytest.config.PytestPluginManager object at 0x105795090>
      finish pytest_plugin_registered --> [] [hook]
      pytest_plugin_registered [hook]
          plugin: <class '_pytest.legacypath.LegacyTmpdirPlugin'>
          plugin_name: legacypath-tmpdir
          manager: <_pytest.config.PytestPluginManager object at 0x105795090>
      finish pytest_plugin_registered --> [] [hook]
      pytest_plugin_registered [hook]
          plugin: <_pytest.terminal.TerminalReporter object at 0x1065b8750>
          plugin_name: terminalreporter
          manager: <_pytest.config.PytestPluginManager object at 0x105795090>
      finish pytest_plugin_registered --> [] [hook]
      pytest_plugin_registered [hook]
          plugin: <_pytest.logging.LoggingPlugin object at 0x1075adf90>
          plugin_name: logging-plugin
          manager: <_pytest.config.PytestPluginManager object at 0x105795090>
      finish pytest_plugin_registered --> [] [hook]
      pytest_plugin_registered [hook]
          plugin: <_pytest.fixtures.FixtureManager object at 0x1075aeb90>
          plugin_name: funcmanage
          manager: <_pytest.config.PytestPluginManager object at 0x105795090>
      finish pytest_plugin_registered --> [] [hook]
      pytest_report_header [hook]
          config: <_pytest.config.Config object at 0x105dbeb10>
          start_path: /Users/stallex/PycharmProjects/new_project
          startdir: /Users/stallex/PycharmProjects/new_project
      early skip of rewriting module: email.parser [assertion]
      early skip of rewriting module: email.feedparser [assertion]
      finish pytest_report_header --> [['rootdir: /Users/stallex/PycharmProjects/new_project', 'plugins: allure-pytest-2.14.3, playwright-0.7.0, base-url-2.1.0, Faker-37.4.2'], ['using: pytest-8.4.1', 'registered third-party plugins:', '  allure-pytest-2.14.3 at /Users/stallex/PycharmProjects/new_project/.venv/lib/python3.11/site-packages/allure_pytest/plugin.py', '  pytest-playwright-0.7.0 at /Users/stallex/PycharmProjects/new_project/.venv/lib/python3.11/site-packages/pytest_playwright/pytest_playwright.py', '  pytest-base-url-2.1.0 at /Users/stallex/PycharmProjects/new_project/.venv/lib/python3.11/site-packages/pytest_base_url/plugin.py', '  Faker-37.4.2 at /Users/stallex/PycharmProjects/new_project/.venv/lib/python3.11/site-packages/faker/contrib/pytest/plugin.py']] [hook]
    finish pytest_sessionstart --> [] [hook]
    pytest_collection [hook]
        session: <Session  exitstatus=<ExitCode.OK: 0> testsfailed=0 testscollected=0>
    perform_collect <Session  exitstatus=<ExitCode.OK: 0> testsfailed=0 testscollected=0> ['/Users/stallex/PycharmProjects/new_project'] [collection]
        pytest_collectstart [hook]
            collector: <Session  exitstatus=<ExitCode.OK: 0> testsfailed=0 testscollected=0>
        finish pytest_collectstart --> [] [hook]
        pytest_make_collect_report [hook]
            collector: <Session  exitstatus=<ExitCode.OK: 0> testsfailed=0 testscollected=0>
        processing argument CollectionArgument(path=PosixPath('/Users/stallex/PycharmProjects/new_project'), parts=[], module_name=None) [collection]
            pytest_collect_directory [hook]
                path: /Users/stallex/PycharmProjects/new_project
                parent: <Session  exitstatus=<ExitCode.OK: 0> testsfailed=0 testscollected=0>
            finish pytest_collect_directory --> <Dir new_project> [hook]
        finish pytest_make_collect_report --> <CollectReport '' lenresult=1 outcome='passed'> [hook]
        pytest_collectreport [hook]
            report: <CollectReport '' lenresult=1 outcome='passed'>
        finish pytest_collectreport --> [] [hook]
    genitems <Dir new_project> [collection]
      pytest_collectstart [hook]
          collector: <Dir new_project>
      finish pytest_collectstart --> [] [hook]
      pytest_make_collect_report [hook]
          collector: <Dir new_project>
        pytest_ignore_collect [hook]
            config: <_pytest.config.Config object at 0x105dbeb10>
            collection_path: /Users/stallex/PycharmProjects/new_project/.idea
            path: /Users/stallex/PycharmProjects/new_project/.idea
        finish pytest_ignore_collect --> True [hook]
        pytest_ignore_collect [hook]
            config: <_pytest.config.Config object at 0x105dbeb10>
            collection_path: /Users/stallex/PycharmProjects/new_project/.pytest_cache
            path: /Users/stallex/PycharmProjects/new_project/.pytest_cache
        finish pytest_ignore_collect --> True [hook]
        pytest_ignore_collect [hook]
            config: <_pytest.config.Config object at 0x105dbeb10>
            collection_path: /Users/stallex/PycharmProjects/new_project/.venv
            path: /Users/stallex/PycharmProjects/new_project/.venv
        finish pytest_ignore_collect --> True [hook]
        pytest_ignore_collect [hook]
            config: <_pytest.config.Config object at 0x105dbeb10>
            collection_path: /Users/stallex/PycharmProjects/new_project/Dockerfile
            path: /Users/stallex/PycharmProjects/new_project/Dockerfile
        finish pytest_ignore_collect --> None [hook]
        pytest_collect_file [hook]
            parent: <Dir new_project>
            file_path: /Users/stallex/PycharmProjects/new_project/Dockerfile
            path: /Users/stallex/PycharmProjects/new_project/Dockerfile
        finish pytest_collect_file --> [] [hook]
        pytest_ignore_collect [hook]
            config: <_pytest.config.Config object at 0x105dbeb10>
            collection_path: /Users/stallex/PycharmProjects/new_project/__pycache__
            path: /Users/stallex/PycharmProjects/new_project/__pycache__
        finish pytest_ignore_collect --> True [hook]
        pytest_ignore_collect [hook]
            config: <_pytest.config.Config object at 0x105dbeb10>
            collection_path: /Users/stallex/PycharmProjects/new_project/conftest.py
            path: /Users/stallex/PycharmProjects/new_project/conftest.py
        finish pytest_ignore_collect --> None [hook]
        pytest_collect_file [hook]
            parent: <Dir new_project>
            file_path: /Users/stallex/PycharmProjects/new_project/conftest.py
            path: /Users/stallex/PycharmProjects/new_project/conftest.py
        finish pytest_collect_file --> [] [hook]
        pytest_ignore_collect [hook]
            config: <_pytest.config.Config object at 0x105dbeb10>
            collection_path: /Users/stallex/PycharmProjects/new_project/pytestdebug.log
            path: /Users/stallex/PycharmProjects/new_project/pytestdebug.log
        finish pytest_ignore_collect --> None [hook]
        pytest_collect_file [hook]
            parent: <Dir new_project>
            file_path: /Users/stallex/PycharmProjects/new_project/pytestdebug.log
            path: /Users/stallex/PycharmProjects/new_project/pytestdebug.log
        finish pytest_collect_file --> [] [hook]
        pytest_ignore_collect [hook]
            config: <_pytest.config.Config object at 0x105dbeb10>
            collection_path: /Users/stallex/PycharmProjects/new_project/test_yo.py
            path: /Users/stallex/PycharmProjects/new_project/test_yo.py
        finish pytest_ignore_collect --> None [hook]
        pytest_collect_file [hook]
            parent: <Dir new_project>
            file_path: /Users/stallex/PycharmProjects/new_project/test_yo.py
            path: /Users/stallex/PycharmProjects/new_project/test_yo.py
          pytest_pycollect_makemodule [hook]
              parent: <Dir new_project>
              module_path: /Users/stallex/PycharmProjects/new_project/test_yo.py
              path: /Users/stallex/PycharmProjects/new_project/test_yo.py
          finish pytest_pycollect_makemodule --> <Module test_yo.py> [hook]
        finish pytest_collect_file --> [<Module test_yo.py>] [hook]
        pytest_ignore_collect [hook]
            config: <_pytest.config.Config object at 0x105dbeb10>
            collection_path: /Users/stallex/PycharmProjects/new_project/ui
            path: /Users/stallex/PycharmProjects/new_project/ui
        finish pytest_ignore_collect --> None [hook]
        pytest_collect_directory [hook]
            path: /Users/stallex/PycharmProjects/new_project/ui
            parent: <Dir new_project>
        finish pytest_collect_directory --> <Package ui> [hook]
      finish pytest_make_collect_report --> <CollectReport '.' lenresult=2 outcome='passed'> [hook]
    genitems <Module test_yo.py> [collection]
      pytest_collectstart [hook]
          collector: <Module test_yo.py>
      finish pytest_collectstart --> [] [hook]
      pytest_make_collect_report [hook]
          collector: <Module test_yo.py>
      find_module called for: test_yo [assertion]
      matched test file '/Users/stallex/PycharmProjects/new_project/test_yo.py' [assertion]
      _read_pyc(/Users/stallex/PycharmProjects/new_project/test_yo.py): out of date [assertion]
      rewriting PosixPath('/Users/stallex/PycharmProjects/new_project/test_yo.py') [assertion]
      early skip of rewriting module: pydantic [assertion]
      early skip of rewriting module: pydantic._migration [assertion]
      early skip of rewriting module: pydantic.version [assertion]
      early skip of rewriting module: pydantic_core [assertion]
      early skip of rewriting module: pydantic_core._pydantic_core [assertion]
      early skip of rewriting module: pydantic_core.core_schema [assertion]
      early skip of rewriting module: typing_extensions [assertion]
      early skip of rewriting module: pydantic.errors [assertion]
      early skip of rewriting module: typing_inspection [assertion]
      early skip of rewriting module: typing_inspection.introspection [assertion]
      early skip of rewriting module: typing_inspection.typing_objects [assertion]
      early skip of rewriting module: pydantic._internal [assertion]
      early skip of rewriting module: pydantic._internal._repr [assertion]
      early skip of rewriting module: pydantic._internal._typing_extra [assertion]
      early skip of rewriting module: pydantic._internal._namespace_utils [assertion]
      early skip of rewriting module: pydantic.main [assertion]
      early skip of rewriting module: pydantic.warnings [assertion]
      early skip of rewriting module: pydantic._internal._config [assertion]
      early skip of rewriting module: pydantic.aliases [assertion]
      early skip of rewriting module: pydantic._internal._internal_dataclass [assertion]
      early skip of rewriting module: pydantic.config [assertion]
      early skip of rewriting module: pydantic._internal._decorators [assertion]
      early skip of rewriting module: pydantic._internal._core_utils [assertion]
      early skip of rewriting module: pydantic._internal._utils [assertion]
      early skip of rewriting module: pydantic._internal._import_utils [assertion]
      early skip of rewriting module: pydantic._internal._fields [assertion]
      early skip of rewriting module: pydantic._internal._generics [assertion]
      early skip of rewriting module: pydantic._internal._forward_ref [assertion]
      early skip of rewriting module: pydantic._internal._docs_extraction [assertion]
      early skip of rewriting module: pydantic._internal._mock_val_ser [assertion]
      early skip of rewriting module: pydantic.plugin [assertion]
      early skip of rewriting module: pydantic.plugin._schema_validator [assertion]
      early skip of rewriting module: pydantic._internal._model_construction [assertion]
      early skip of rewriting module: pydantic._internal._generate_schema [assertion]
      early skip of rewriting module: fractions [assertion]
      early skip of rewriting module: pydantic.annotated_handlers [assertion]
      early skip of rewriting module: pydantic.functional_validators [assertion]
      early skip of rewriting module: pydantic.json_schema [assertion]
      early skip of rewriting module: pydantic._internal._core_metadata [assertion]
      early skip of rewriting module: pydantic._internal._schema_generation_shared [assertion]
      early skip of rewriting module: pydantic._internal._discriminated_union [assertion]
      early skip of rewriting module: pydantic._internal._known_annotated_metadata [assertion]
      early skip of rewriting module: pydantic._internal._schema_gather [assertion]
      early skip of rewriting module: pydantic._internal._signature [assertion]
      early skip of rewriting module: pydantic.fields [assertion]
      early skip of rewriting module: annotated_types [assertion]
      early skip of rewriting module: pydantic._internal._validators [assertion]
      early skip of rewriting module: pydantic.types [assertion]
      matched marked file 'faker.providers.address.en_US' (from 'faker') [assertion]
      find_module called for: faker.providers.address.en_US [assertion]
      found cached rewritten pyc for /Users/stallex/PycharmProjects/new_project/.venv/lib/python3.11/site-packages/faker/providers/address/en_US/__init__.py [assertion]
      matched marked file 'faker.providers.address.en' (from 'faker') [assertion]
      find_module called for: faker.providers.address.en [assertion]
      found cached rewritten pyc for /Users/stallex/PycharmProjects/new_project/.venv/lib/python3.11/site-packages/faker/providers/address/en/__init__.py [assertion]
      matched marked file 'faker.providers.automotive.en_US' (from 'faker') [assertion]
      find_module called for: faker.providers.automotive.en_US [assertion]
      found cached rewritten pyc for /Users/stallex/PycharmProjects/new_project/.venv/lib/python3.11/site-packages/faker/providers/automotive/en_US/__init__.py [assertion]
      matched marked file 'faker.providers.bank.en_GB' (from 'faker') [assertion]
      find_module called for: faker.providers.bank.en_GB [assertion]
      found cached rewritten pyc for /Users/stallex/PycharmProjects/new_project/.venv/lib/python3.11/site-packages/faker/providers/bank/en_GB/__init__.py [assertion]
      matched marked file 'faker.providers.barcode.en_US' (from 'faker') [assertion]
      find_module called for: faker.providers.barcode.en_US [assertion]
      found cached rewritten pyc for /Users/stallex/PycharmProjects/new_project/.venv/lib/python3.11/site-packages/faker/providers/barcode/en_US/__init__.py [assertion]
      matched marked file 'faker.providers.color.en_US' (from 'faker') [assertion]
      find_module called for: faker.providers.color.en_US [assertion]
      found cached rewritten pyc for /Users/stallex/PycharmProjects/new_project/.venv/lib/python3.11/site-packages/faker/providers/color/en_US/__init__.py [assertion]
      matched marked file 'faker.providers.company.en_US' (from 'faker') [assertion]
      find_module called for: faker.providers.company.en_US [assertion]
      found cached rewritten pyc for /Users/stallex/PycharmProjects/new_project/.venv/lib/python3.11/site-packages/faker/providers/company/en_US/__init__.py [assertion]
      matched marked file 'faker.providers.credit_card.en_US' (from 'faker') [assertion]
      find_module called for: faker.providers.credit_card.en_US [assertion]
      found cached rewritten pyc for /Users/stallex/PycharmProjects/new_project/.venv/lib/python3.11/site-packages/faker/providers/credit_card/en_US/__init__.py [assertion]
      matched marked file 'faker.providers.currency.en_US' (from 'faker') [assertion]
      find_module called for: faker.providers.currency.en_US [assertion]
      found cached rewritten pyc for /Users/stallex/PycharmProjects/new_project/.venv/lib/python3.11/site-packages/faker/providers/currency/en_US/__init__.py [assertion]
      matched marked file 'faker.providers.date_time.en_US' (from 'faker') [assertion]
      find_module called for: faker.providers.date_time.en_US [assertion]
      found cached rewritten pyc for /Users/stallex/PycharmProjects/new_project/.venv/lib/python3.11/site-packages/faker/providers/date_time/en_US/__init__.py [assertion]
      matched marked file 'faker.providers.geo.en_US' (from 'faker') [assertion]
      find_module called for: faker.providers.geo.en_US [assertion]
      found cached rewritten pyc for /Users/stallex/PycharmProjects/new_project/.venv/lib/python3.11/site-packages/faker/providers/geo/en_US/__init__.py [assertion]
      matched marked file 'faker.providers.internet.en_US' (from 'faker') [assertion]
      find_module called for: faker.providers.internet.en_US [assertion]
      found cached rewritten pyc for /Users/stallex/PycharmProjects/new_project/.venv/lib/python3.11/site-packages/faker/providers/internet/en_US/__init__.py [assertion]
      matched marked file 'faker.providers.isbn.en_US' (from 'faker') [assertion]
      find_module called for: faker.providers.isbn.en_US [assertion]
      found cached rewritten pyc for /Users/stallex/PycharmProjects/new_project/.venv/lib/python3.11/site-packages/faker/providers/isbn/en_US/__init__.py [assertion]
      matched marked file 'faker.providers.job.en_US' (from 'faker') [assertion]
      find_module called for: faker.providers.job.en_US [assertion]
      found cached rewritten pyc for /Users/stallex/PycharmProjects/new_project/.venv/lib/python3.11/site-packages/faker/providers/job/en_US/__init__.py [assertion]
      matched marked file 'faker.providers.misc.en_US' (from 'faker') [assertion]
      find_module called for: faker.providers.misc.en_US [assertion]
      found cached rewritten pyc for /Users/stallex/PycharmProjects/new_project/.venv/lib/python3.11/site-packages/faker/providers/misc/en_US/__init__.py [assertion]
      matched marked file 'faker.providers.passport.en_US' (from 'faker') [assertion]
      find_module called for: faker.providers.passport.en_US [assertion]
      found cached rewritten pyc for /Users/stallex/PycharmProjects/new_project/.venv/lib/python3.11/site-packages/faker/providers/passport/en_US/__init__.py [assertion]
      matched marked file 'faker.providers.person.en_US' (from 'faker') [assertion]
      find_module called for: faker.providers.person.en_US [assertion]
      found cached rewritten pyc for /Users/stallex/PycharmProjects/new_project/.venv/lib/python3.11/site-packages/faker/providers/person/en_US/__init__.py [assertion]
      matched marked file 'faker.providers.phone_number.en_US' (from 'faker') [assertion]
      find_module called for: faker.providers.phone_number.en_US [assertion]
      found cached rewritten pyc for /Users/stallex/PycharmProjects/new_project/.venv/lib/python3.11/site-packages/faker/providers/phone_number/en_US/__init__.py [assertion]
      matched marked file 'faker.providers.ssn.en_US' (from 'faker') [assertion]
      find_module called for: faker.providers.ssn.en_US [assertion]
      found cached rewritten pyc for /Users/stallex/PycharmProjects/new_project/.venv/lib/python3.11/site-packages/faker/providers/ssn/en_US/__init__.py [assertion]
      early skip of rewriting module: pydantic.plugin._loader [assertion]
        pytest_pycollect_makeitem [hook]
            collector: <Module test_yo.py>
            name: @py_builtins
            obj: <module 'builtins' (built-in)>
        finish pytest_pycollect_makeitem --> None [hook]
        pytest_pycollect_makeitem [hook]
            collector: <Module test_yo.py>
            name: @pytest_ar
            obj: <module '_pytest.assertion.rewrite' from '/Users/stallex/PycharmProjects/new_project/.venv/lib/python3.11/site-packages/_pytest/assertion/rewrite.py'>
        finish pytest_pycollect_makeitem --> None [hook]
        pytest_pycollect_makeitem [hook]
            collector: <Module test_yo.py>
            name: pytest
            obj: <module 'pytest' from '/Users/stallex/PycharmProjects/new_project/.venv/lib/python3.11/site-packages/pytest/__init__.py'>
        finish pytest_pycollect_makeitem --> None [hook]
        pytest_pycollect_makeitem [hook]
            collector: <Module test_yo.py>
            name: Page
            obj: <class 'playwright.sync_api._generated.Page'>
        finish pytest_pycollect_makeitem --> None [hook]
        pytest_pycollect_makeitem [hook]
            collector: <Module test_yo.py>
            name: BaseModel
            obj: <class 'pydantic.main.BaseModel'>
        finish pytest_pycollect_makeitem --> None [hook]
        pytest_pycollect_makeitem [hook]
            collector: <Module test_yo.py>
            name: Field
            obj: <function Field at 0x1079d8720>
        finish pytest_pycollect_makeitem --> None [hook]
        pytest_pycollect_makeitem [hook]
            collector: <Module test_yo.py>
            name: Faker
            obj: <class 'faker.proxy.Faker'>
        finish pytest_pycollect_makeitem --> None [hook]
        pytest_pycollect_makeitem [hook]
            collector: <Module test_yo.py>
            name: fake
            obj: <faker.proxy.Faker object at 0x1065b1a50>
        finish pytest_pycollect_makeitem --> None [hook]
        pytest_pycollect_makeitem [hook]
            collector: <Module test_yo.py>
            name: AuthData
            obj: <class 'test_yo.AuthData'>
        finish pytest_pycollect_makeitem --> None [hook]
        pytest_pycollect_makeitem [hook]
            collector: <Module test_yo.py>
            name: SomePage
            obj: <class 'test_yo.SomePage'>
        finish pytest_pycollect_makeitem --> None [hook]
        pytest_pycollect_makeitem [hook]
            collector: <Module test_yo.py>
            name: SecondPage
            obj: <class 'test_yo.SecondPage'>
        finish pytest_pycollect_makeitem --> None [hook]
        pytest_pycollect_makeitem [hook]
            collector: <Module test_yo.py>
            name: test_ssss
            obj: <function test_ssss at 0x107796660>
          pytest_generate_tests [hook]
              metafunc: <_pytest.python.Metafunc object at 0x107a72f90>
            pytest_make_parametrize_id [hook]
                config: <_pytest.config.Config object at 0x105dbeb10>
                val: chromium
                argname: browser_name
            finish pytest_make_parametrize_id --> None [hook]
          early skip of rewriting module: encodings.unicode_escape [assertion]
          finish pytest_generate_tests --> [] [hook]
        finish pytest_pycollect_makeitem --> [<Function test_ssss[chromium]>] [hook]
      finish pytest_make_collect_report --> <CollectReport 'test_yo.py' lenresult=1 outcome='passed'> [hook]
    genitems <Function test_ssss[chromium]> [collection]
      pytest_itemcollected [hook]
          item: <Function test_ssss[chromium]>
      finish pytest_itemcollected --> [] [hook]
      pytest_collectreport [hook]
          report: <CollectReport 'test_yo.py' lenresult=1 outcome='passed'>
      finish pytest_collectreport --> [] [hook]
    genitems <Package ui> [collection]
      pytest_collectstart [hook]
          collector: <Package ui>
      finish pytest_collectstart --> [] [hook]
      pytest_make_collect_report [hook]
          collector: <Package ui>
      early skip of rewriting module: ui [assertion]
      find_module called for: ui.conftest [assertion]
      rewriting conftest file: '/Users/stallex/PycharmProjects/new_project/ui/conftest.py' [assertion]
      found cached rewritten pyc for /Users/stallex/PycharmProjects/new_project/ui/conftest.py [assertion]
      loading conftestmodule <module 'ui.conftest' from '/Users/stallex/PycharmProjects/new_project/ui/conftest.py'> [pluginmanage]
        pytest_plugin_registered [hook]
            plugin: <module 'ui.conftest' from '/Users/stallex/PycharmProjects/new_project/ui/conftest.py'>
            plugin_name: /Users/stallex/PycharmProjects/new_project/ui/conftest.py
            manager: <_pytest.config.PytestPluginManager object at 0x105795090>
        finish pytest_plugin_registered --> [] [hook]
        pytest_ignore_collect [hook]
            config: <_pytest.config.Config object at 0x105dbeb10>
            collection_path: /Users/stallex/PycharmProjects/new_project/ui/__init__.py
            path: /Users/stallex/PycharmProjects/new_project/ui/__init__.py
        finish pytest_ignore_collect --> None [hook]
        pytest_collect_file [hook]
            parent: <Package ui>
            file_path: /Users/stallex/PycharmProjects/new_project/ui/__init__.py
            path: /Users/stallex/PycharmProjects/new_project/ui/__init__.py
        finish pytest_collect_file --> [] [hook]
        pytest_ignore_collect [hook]
            config: <_pytest.config.Config object at 0x105dbeb10>
            collection_path: /Users/stallex/PycharmProjects/new_project/ui/.pytest_cache
            path: /Users/stallex/PycharmProjects/new_project/ui/.pytest_cache
        finish pytest_ignore_collect --> True [hook]
        pytest_ignore_collect [hook]
            config: <_pytest.config.Config object at 0x105dbeb10>
            collection_path: /Users/stallex/PycharmProjects/new_project/ui/__pycache__
            path: /Users/stallex/PycharmProjects/new_project/ui/__pycache__
        finish pytest_ignore_collect --> True [hook]
        pytest_ignore_collect [hook]
            config: <_pytest.config.Config object at 0x105dbeb10>
            collection_path: /Users/stallex/PycharmProjects/new_project/ui/base
            path: /Users/stallex/PycharmProjects/new_project/ui/base
        finish pytest_ignore_collect --> None [hook]
        pytest_collect_directory [hook]
            path: /Users/stallex/PycharmProjects/new_project/ui/base
            parent: <Package ui>
        finish pytest_collect_directory --> <Package base> [hook]
        pytest_ignore_collect [hook]
            config: <_pytest.config.Config object at 0x105dbeb10>
            collection_path: /Users/stallex/PycharmProjects/new_project/ui/base_test_ui.py
            path: /Users/stallex/PycharmProjects/new_project/ui/base_test_ui.py
        finish pytest_ignore_collect --> None [hook]
        pytest_collect_file [hook]
            parent: <Package ui>
            file_path: /Users/stallex/PycharmProjects/new_project/ui/base_test_ui.py
            path: /Users/stallex/PycharmProjects/new_project/ui/base_test_ui.py
        finish pytest_collect_file --> [] [hook]
        pytest_ignore_collect [hook]
            config: <_pytest.config.Config object at 0x105dbeb10>
            collection_path: /Users/stallex/PycharmProjects/new_project/ui/components
            path: /Users/stallex/PycharmProjects/new_project/ui/components
        finish pytest_ignore_collect --> None [hook]
        pytest_collect_directory [hook]
            path: /Users/stallex/PycharmProjects/new_project/ui/components
            parent: <Package ui>
        finish pytest_collect_directory --> <Package components> [hook]
        pytest_ignore_collect [hook]
            config: <_pytest.config.Config object at 0x105dbeb10>
            collection_path: /Users/stallex/PycharmProjects/new_project/ui/conftest.py
            path: /Users/stallex/PycharmProjects/new_project/ui/conftest.py
        finish pytest_ignore_collect --> None [hook]
        pytest_collect_file [hook]
            parent: <Package ui>
            file_path: /Users/stallex/PycharmProjects/new_project/ui/conftest.py
            path: /Users/stallex/PycharmProjects/new_project/ui/conftest.py
        finish pytest_collect_file --> [] [hook]
        pytest_ignore_collect [hook]
            config: <_pytest.config.Config object at 0x105dbeb10>
            collection_path: /Users/stallex/PycharmProjects/new_project/ui/fixtures
            path: /Users/stallex/PycharmProjects/new_project/ui/fixtures
        finish pytest_ignore_collect --> None [hook]
        pytest_collect_directory [hook]
            path: /Users/stallex/PycharmProjects/new_project/ui/fixtures
            parent: <Package ui>
        finish pytest_collect_directory --> <Dir fixtures> [hook]
        pytest_ignore_collect [hook]
            config: <_pytest.config.Config object at 0x105dbeb10>
            collection_path: /Users/stallex/PycharmProjects/new_project/ui/modules
            path: /Users/stallex/PycharmProjects/new_project/ui/modules
        finish pytest_ignore_collect --> None [hook]
        pytest_collect_directory [hook]
            path: /Users/stallex/PycharmProjects/new_project/ui/modules
            parent: <Package ui>
        finish pytest_collect_directory --> <Package modules> [hook]
      finish pytest_make_collect_report --> <CollectReport 'ui' lenresult=4 outcome='passed'> [hook]
    genitems <Package base> [collection]
      pytest_collectstart [hook]
          collector: <Package base>
      finish pytest_collectstart --> [] [hook]
      pytest_make_collect_report [hook]
          collector: <Package base>
        pytest_ignore_collect [hook]
            config: <_pytest.config.Config object at 0x105dbeb10>
            collection_path: /Users/stallex/PycharmProjects/new_project/ui/base/__init__.py
            path: /Users/stallex/PycharmProjects/new_project/ui/base/__init__.py
        finish pytest_ignore_collect --> None [hook]
        pytest_collect_file [hook]
            parent: <Package base>
            file_path: /Users/stallex/PycharmProjects/new_project/ui/base/__init__.py
            path: /Users/stallex/PycharmProjects/new_project/ui/base/__init__.py
        finish pytest_collect_file --> [] [hook]
        pytest_ignore_collect [hook]
            config: <_pytest.config.Config object at 0x105dbeb10>
            collection_path: /Users/stallex/PycharmProjects/new_project/ui/base/__pycache__
            path: /Users/stallex/PycharmProjects/new_project/ui/base/__pycache__
        finish pytest_ignore_collect --> True [hook]
        pytest_ignore_collect [hook]
            config: <_pytest.config.Config object at 0x105dbeb10>
            collection_path: /Users/stallex/PycharmProjects/new_project/ui/base/base_component.py
            path: /Users/stallex/PycharmProjects/new_project/ui/base/base_component.py
        finish pytest_ignore_collect --> None [hook]
        pytest_collect_file [hook]
            parent: <Package base>
            file_path: /Users/stallex/PycharmProjects/new_project/ui/base/base_component.py
            path: /Users/stallex/PycharmProjects/new_project/ui/base/base_component.py
        finish pytest_collect_file --> [] [hook]
        pytest_ignore_collect [hook]
            config: <_pytest.config.Config object at 0x105dbeb10>
            collection_path: /Users/stallex/PycharmProjects/new_project/ui/base/base_page.py
            path: /Users/stallex/PycharmProjects/new_project/ui/base/base_page.py
        finish pytest_ignore_collect --> None [hook]
        pytest_collect_file [hook]
            parent: <Package base>
            file_path: /Users/stallex/PycharmProjects/new_project/ui/base/base_page.py
            path: /Users/stallex/PycharmProjects/new_project/ui/base/base_page.py
        finish pytest_collect_file --> [] [hook]
      finish pytest_make_collect_report --> <CollectReport 'ui/base' lenresult=0 outcome='passed'> [hook]
      pytest_collectreport [hook]
          report: <CollectReport 'ui/base' lenresult=0 outcome='passed'>
      finish pytest_collectreport --> [] [hook]
    genitems <Package components> [collection]
      pytest_collectstart [hook]
          collector: <Package components>
      finish pytest_collectstart --> [] [hook]
      pytest_make_collect_report [hook]
          collector: <Package components>
        pytest_ignore_collect [hook]
            config: <_pytest.config.Config object at 0x105dbeb10>
            collection_path: /Users/stallex/PycharmProjects/new_project/ui/components/__init__.py
            path: /Users/stallex/PycharmProjects/new_project/ui/components/__init__.py
        finish pytest_ignore_collect --> None [hook]
        pytest_collect_file [hook]
            parent: <Package components>
            file_path: /Users/stallex/PycharmProjects/new_project/ui/components/__init__.py
            path: /Users/stallex/PycharmProjects/new_project/ui/components/__init__.py
        finish pytest_collect_file --> [] [hook]
        pytest_ignore_collect [hook]
            config: <_pytest.config.Config object at 0x105dbeb10>
            collection_path: /Users/stallex/PycharmProjects/new_project/ui/components/__pycache__
            path: /Users/stallex/PycharmProjects/new_project/ui/components/__pycache__
        finish pytest_ignore_collect --> True [hook]
        pytest_ignore_collect [hook]
            config: <_pytest.config.Config object at 0x105dbeb10>
            collection_path: /Users/stallex/PycharmProjects/new_project/ui/components/input.py
            path: /Users/stallex/PycharmProjects/new_project/ui/components/input.py
        finish pytest_ignore_collect --> None [hook]
        pytest_collect_file [hook]
            parent: <Package components>
            file_path: /Users/stallex/PycharmProjects/new_project/ui/components/input.py
            path: /Users/stallex/PycharmProjects/new_project/ui/components/input.py
        finish pytest_collect_file --> [] [hook]
      finish pytest_make_collect_report --> <CollectReport 'ui/components' lenresult=0 outcome='passed'> [hook]
      pytest_collectreport [hook]
          report: <CollectReport 'ui/components' lenresult=0 outcome='passed'>
      finish pytest_collectreport --> [] [hook]
    genitems <Dir fixtures> [collection]
      pytest_collectstart [hook]
          collector: <Dir fixtures>
      finish pytest_collectstart --> [] [hook]
      pytest_make_collect_report [hook]
          collector: <Dir fixtures>
      finish pytest_make_collect_report --> <CollectReport 'ui/fixtures' lenresult=0 outcome='passed'> [hook]
      pytest_collectreport [hook]
          report: <CollectReport 'ui/fixtures' lenresult=0 outcome='passed'>
      finish pytest_collectreport --> [] [hook]
    genitems <Package modules> [collection]
      pytest_collectstart [hook]
          collector: <Package modules>
      finish pytest_collectstart --> [] [hook]
      pytest_make_collect_report [hook]
          collector: <Package modules>
        pytest_ignore_collect [hook]
            config: <_pytest.config.Config object at 0x105dbeb10>
            collection_path: /Users/stallex/PycharmProjects/new_project/ui/modules/__init__.py
            path: /Users/stallex/PycharmProjects/new_project/ui/modules/__init__.py
        finish pytest_ignore_collect --> None [hook]
        pytest_collect_file [hook]
            parent: <Package modules>
            file_path: /Users/stallex/PycharmProjects/new_project/ui/modules/__init__.py
            path: /Users/stallex/PycharmProjects/new_project/ui/modules/__init__.py
        finish pytest_collect_file --> [] [hook]
        pytest_ignore_collect [hook]
            config: <_pytest.config.Config object at 0x105dbeb10>
            collection_path: /Users/stallex/PycharmProjects/new_project/ui/modules/__pycache__
            path: /Users/stallex/PycharmProjects/new_project/ui/modules/__pycache__
        finish pytest_ignore_collect --> True [hook]
        pytest_ignore_collect [hook]
            config: <_pytest.config.Config object at 0x105dbeb10>
            collection_path: /Users/stallex/PycharmProjects/new_project/ui/modules/module_1
            path: /Users/stallex/PycharmProjects/new_project/ui/modules/module_1
        finish pytest_ignore_collect --> None [hook]
        pytest_collect_directory [hook]
            path: /Users/stallex/PycharmProjects/new_project/ui/modules/module_1
            parent: <Package modules>
        finish pytest_collect_directory --> <Package module_1> [hook]
      finish pytest_make_collect_report --> <CollectReport 'ui/modules' lenresult=1 outcome='passed'> [hook]
    genitems <Package module_1> [collection]
      pytest_collectstart [hook]
          collector: <Package module_1>
      finish pytest_collectstart --> [] [hook]
      pytest_make_collect_report [hook]
          collector: <Package module_1>
        pytest_ignore_collect [hook]
            config: <_pytest.config.Config object at 0x105dbeb10>
            collection_path: /Users/stallex/PycharmProjects/new_project/ui/modules/module_1/__init__.py
            path: /Users/stallex/PycharmProjects/new_project/ui/modules/module_1/__init__.py
        finish pytest_ignore_collect --> None [hook]
        pytest_collect_file [hook]
            parent: <Package module_1>
            file_path: /Users/stallex/PycharmProjects/new_project/ui/modules/module_1/__init__.py
            path: /Users/stallex/PycharmProjects/new_project/ui/modules/module_1/__init__.py
        finish pytest_collect_file --> [] [hook]
        pytest_ignore_collect [hook]
            config: <_pytest.config.Config object at 0x105dbeb10>
            collection_path: /Users/stallex/PycharmProjects/new_project/ui/modules/module_1/__pycache__
            path: /Users/stallex/PycharmProjects/new_project/ui/modules/module_1/__pycache__
        finish pytest_ignore_collect --> True [hook]
        pytest_ignore_collect [hook]
            config: <_pytest.config.Config object at 0x105dbeb10>
            collection_path: /Users/stallex/PycharmProjects/new_project/ui/modules/module_1/pages
            path: /Users/stallex/PycharmProjects/new_project/ui/modules/module_1/pages
        finish pytest_ignore_collect --> None [hook]
        pytest_collect_directory [hook]
            path: /Users/stallex/PycharmProjects/new_project/ui/modules/module_1/pages
            parent: <Package module_1>
        finish pytest_collect_directory --> <Package pages> [hook]
        pytest_ignore_collect [hook]
            config: <_pytest.config.Config object at 0x105dbeb10>
            collection_path: /Users/stallex/PycharmProjects/new_project/ui/modules/module_1/tests
            path: /Users/stallex/PycharmProjects/new_project/ui/modules/module_1/tests
        finish pytest_ignore_collect --> None [hook]
        pytest_collect_directory [hook]
            path: /Users/stallex/PycharmProjects/new_project/ui/modules/module_1/tests
            parent: <Package module_1>
        finish pytest_collect_directory --> <Package tests> [hook]
      finish pytest_make_collect_report --> <CollectReport 'ui/modules/module_1' lenresult=2 outcome='passed'> [hook]
    genitems <Package pages> [collection]
      pytest_collectstart [hook]
          collector: <Package pages>
      finish pytest_collectstart --> [] [hook]
      pytest_make_collect_report [hook]
          collector: <Package pages>
        pytest_ignore_collect [hook]
            config: <_pytest.config.Config object at 0x105dbeb10>
            collection_path: /Users/stallex/PycharmProjects/new_project/ui/modules/module_1/pages/__init__.py
            path: /Users/stallex/PycharmProjects/new_project/ui/modules/module_1/pages/__init__.py
        finish pytest_ignore_collect --> None [hook]
        pytest_collect_file [hook]
            parent: <Package pages>
            file_path: /Users/stallex/PycharmProjects/new_project/ui/modules/module_1/pages/__init__.py
            path: /Users/stallex/PycharmProjects/new_project/ui/modules/module_1/pages/__init__.py
        finish pytest_collect_file --> [] [hook]
        pytest_ignore_collect [hook]
            config: <_pytest.config.Config object at 0x105dbeb10>
            collection_path: /Users/stallex/PycharmProjects/new_project/ui/modules/module_1/pages/__pycache__
            path: /Users/stallex/PycharmProjects/new_project/ui/modules/module_1/pages/__pycache__
        finish pytest_ignore_collect --> True [hook]
        pytest_ignore_collect [hook]
            config: <_pytest.config.Config object at 0x105dbeb10>
            collection_path: /Users/stallex/PycharmProjects/new_project/ui/modules/module_1/pages/main_page.py
            path: /Users/stallex/PycharmProjects/new_project/ui/modules/module_1/pages/main_page.py
        finish pytest_ignore_collect --> None [hook]
        pytest_collect_file [hook]
            parent: <Package pages>
            file_path: /Users/stallex/PycharmProjects/new_project/ui/modules/module_1/pages/main_page.py
            path: /Users/stallex/PycharmProjects/new_project/ui/modules/module_1/pages/main_page.py
        finish pytest_collect_file --> [] [hook]
        pytest_ignore_collect [hook]
            config: <_pytest.config.Config object at 0x105dbeb10>
            collection_path: /Users/stallex/PycharmProjects/new_project/ui/modules/module_1/pages/results_page.py
            path: /Users/stallex/PycharmProjects/new_project/ui/modules/module_1/pages/results_page.py
        finish pytest_ignore_collect --> None [hook]
        pytest_collect_file [hook]
            parent: <Package pages>
            file_path: /Users/stallex/PycharmProjects/new_project/ui/modules/module_1/pages/results_page.py
            path: /Users/stallex/PycharmProjects/new_project/ui/modules/module_1/pages/results_page.py
        finish pytest_collect_file --> [] [hook]
      finish pytest_make_collect_report --> <CollectReport 'ui/modules/module_1/pages' lenresult=0 outcome='passed'> [hook]
      pytest_collectreport [hook]
          report: <CollectReport 'ui/modules/module_1/pages' lenresult=0 outcome='passed'>
      finish pytest_collectreport --> [] [hook]
    genitems <Package tests> [collection]
      pytest_collectstart [hook]
          collector: <Package tests>
      finish pytest_collectstart --> [] [hook]
      pytest_make_collect_report [hook]
          collector: <Package tests>
        pytest_ignore_collect [hook]
            config: <_pytest.config.Config object at 0x105dbeb10>
            collection_path: /Users/stallex/PycharmProjects/new_project/ui/modules/module_1/tests/__init__.py
            path: /Users/stallex/PycharmProjects/new_project/ui/modules/module_1/tests/__init__.py
        finish pytest_ignore_collect --> None [hook]
        pytest_collect_file [hook]
            parent: <Package tests>
            file_path: /Users/stallex/PycharmProjects/new_project/ui/modules/module_1/tests/__init__.py
            path: /Users/stallex/PycharmProjects/new_project/ui/modules/module_1/tests/__init__.py
        finish pytest_collect_file --> [] [hook]
        pytest_ignore_collect [hook]
            config: <_pytest.config.Config object at 0x105dbeb10>
            collection_path: /Users/stallex/PycharmProjects/new_project/ui/modules/module_1/tests/.pytest_cache
            path: /Users/stallex/PycharmProjects/new_project/ui/modules/module_1/tests/.pytest_cache
        finish pytest_ignore_collect --> True [hook]
        pytest_ignore_collect [hook]
            config: <_pytest.config.Config object at 0x105dbeb10>
            collection_path: /Users/stallex/PycharmProjects/new_project/ui/modules/module_1/tests/__pycache__
            path: /Users/stallex/PycharmProjects/new_project/ui/modules/module_1/tests/__pycache__
        finish pytest_ignore_collect --> True [hook]
        pytest_ignore_collect [hook]
            config: <_pytest.config.Config object at 0x105dbeb10>
            collection_path: /Users/stallex/PycharmProjects/new_project/ui/modules/module_1/tests/test_for_py.py
            path: /Users/stallex/PycharmProjects/new_project/ui/modules/module_1/tests/test_for_py.py
        finish pytest_ignore_collect --> None [hook]
        pytest_collect_file [hook]
            parent: <Package tests>
            file_path: /Users/stallex/PycharmProjects/new_project/ui/modules/module_1/tests/test_for_py.py
            path: /Users/stallex/PycharmProjects/new_project/ui/modules/module_1/tests/test_for_py.py
          pytest_pycollect_makemodule [hook]
              parent: <Package tests>
              module_path: /Users/stallex/PycharmProjects/new_project/ui/modules/module_1/tests/test_for_py.py
              path: /Users/stallex/PycharmProjects/new_project/ui/modules/module_1/tests/test_for_py.py
          finish pytest_pycollect_makemodule --> <Module test_for_py.py> [hook]
        finish pytest_collect_file --> [<Module test_for_py.py>] [hook]
      finish pytest_make_collect_report --> <CollectReport 'ui/modules/module_1/tests' lenresult=1 outcome='passed'> [hook]
    genitems <Module test_for_py.py> [collection]
      pytest_collectstart [hook]
          collector: <Module test_for_py.py>
      finish pytest_collectstart --> [] [hook]
      pytest_make_collect_report [hook]
          collector: <Module test_for_py.py>
      early skip of rewriting module: ui.modules [assertion]
      early skip of rewriting module: ui.modules.module_1 [assertion]
      early skip of rewriting module: ui.modules.module_1.tests [assertion]
      find_module called for: ui.modules.module_1.tests.test_for_py [assertion]
      matched test file '/Users/stallex/PycharmProjects/new_project/ui/modules/module_1/tests/test_for_py.py' [assertion]
      found cached rewritten pyc for /Users/stallex/PycharmProjects/new_project/ui/modules/module_1/tests/test_for_py.py [assertion]
      early skip of rewriting module: ui.base_test_ui [assertion]
      early skip of rewriting module: ui.modules.module_1.pages [assertion]
      early skip of rewriting module: ui.modules.module_1.pages.main_page [assertion]
      early skip of rewriting module: ui.components [assertion]
      early skip of rewriting module: ui.components.input [assertion]
      early skip of rewriting module: ui.base [assertion]
      early skip of rewriting module: ui.base.base_component [assertion]
      early skip of rewriting module: ui.base.base_page [assertion]
        pytest_pycollect_makeitem [hook]
            collector: <Module test_for_py.py>
            name: @py_builtins
            obj: <module 'builtins' (built-in)>
        finish pytest_pycollect_makeitem --> None [hook]
        pytest_pycollect_makeitem [hook]
            collector: <Module test_for_py.py>
            name: @pytest_ar
            obj: <module '_pytest.assertion.rewrite' from '/Users/stallex/PycharmProjects/new_project/.venv/lib/python3.11/site-packages/_pytest/assertion/rewrite.py'>
        finish pytest_pycollect_makeitem --> None [hook]
        pytest_pycollect_makeitem [hook]
            collector: <Module test_for_py.py>
            name: allure
            obj: <module 'allure' from '/Users/stallex/PycharmProjects/new_project/.venv/lib/python3.11/site-packages/allure/__init__.py'>
        finish pytest_pycollect_makeitem --> None [hook]
        pytest_pycollect_makeitem [hook]
            collector: <Module test_for_py.py>
            name: faker
            obj: <module 'faker' from '/Users/stallex/PycharmProjects/new_project/.venv/lib/python3.11/site-packages/faker/__init__.py'>
        finish pytest_pycollect_makeitem --> None [hook]
        pytest_pycollect_makeitem [hook]
            collector: <Module test_for_py.py>
            name: BaseTestUI
            obj: <class 'ui.base_test_ui.BaseTestUI'>
        finish pytest_pycollect_makeitem --> None [hook]
        pytest_pycollect_makeitem [hook]
            collector: <Module test_for_py.py>
            name: fake
            obj: <faker.proxy.Faker object at 0x107a92110>
        finish pytest_pycollect_makeitem --> None [hook]
        pytest_pycollect_makeitem [hook]
            collector: <Module test_for_py.py>
            name: TestHello
            obj: <class 'ui.modules.module_1.tests.test_for_py.TestHello'>
        finish pytest_pycollect_makeitem --> <Class TestHello> [hook]
      finish pytest_make_collect_report --> <CollectReport 'ui/modules/module_1/tests/test_for_py.py' lenresult=1 outcome='passed'> [hook]
    genitems <Class TestHello> [collection]
      pytest_collectstart [hook]
          collector: <Class TestHello>
      finish pytest_collectstart --> [] [hook]
      pytest_make_collect_report [hook]
          collector: <Class TestHello>
        pytest_pycollect_makeitem [hook]
            collector: <Class TestHello>
            name: test_example
            obj: <function TestHello.test_example at 0x1075c1c60>
          pytest_generate_tests [hook]
              metafunc: <_pytest.python.Metafunc object at 0x107a9dcd0>
          finish pytest_generate_tests --> [] [hook]
        finish pytest_pycollect_makeitem --> [<Function test_example>] [hook]
        pytest_pycollect_makeitem [hook]
            collector: <Class TestHello>
            name: test_example_2
            obj: <function TestHello.test_example_2 at 0x1075c1bc0>
          pytest_generate_tests [hook]
              metafunc: <_pytest.python.Metafunc object at 0x107a9e350>
          finish pytest_generate_tests --> [] [hook]
        finish pytest_pycollect_makeitem --> [<Function test_example_2>] [hook]
        pytest_pycollect_makeitem [hook]
            collector: <Class TestHello>
            name: pytestmark
            obj: [Mark(name='allure_label', args=('SomeSuite',), kwargs={'label_type': 'story'})]
        finish pytest_pycollect_makeitem --> None [hook]
        pytest_pycollect_makeitem [hook]
            collector: <Class TestHello>
            name: __annotations__
            obj: {}
        finish pytest_pycollect_makeitem --> None [hook]
        pytest_pycollect_makeitem [hook]
            collector: <Class TestHello>
            name: setup_pages
            obj: <pytest_fixture(<function BaseTestUI.setup_pages at 0x1079dbb00>)>
        finish pytest_pycollect_makeitem --> None [hook]
      finish pytest_make_collect_report --> <CollectReport 'ui/modules/module_1/tests/test_for_py.py::TestHello' lenresult=2 outcome='passed'> [hook]
    genitems <Function test_example> [collection]
      pytest_itemcollected [hook]
          item: <Function test_example>
      finish pytest_itemcollected --> [] [hook]
    genitems <Function test_example_2> [collection]
      pytest_itemcollected [hook]
          item: <Function test_example_2>
      finish pytest_itemcollected --> [] [hook]
      pytest_collectreport [hook]
          report: <CollectReport 'ui/modules/module_1/tests/test_for_py.py::TestHello' lenresult=2 outcome='passed'>
      finish pytest_collectreport --> [] [hook]
      pytest_collectreport [hook]
          report: <CollectReport 'ui/modules/module_1/tests/test_for_py.py' lenresult=1 outcome='passed'>
      finish pytest_collectreport --> [] [hook]
      pytest_collectreport [hook]
          report: <CollectReport 'ui/modules/module_1/tests' lenresult=1 outcome='passed'>
      finish pytest_collectreport --> [] [hook]
      pytest_collectreport [hook]
          report: <CollectReport 'ui/modules/module_1' lenresult=2 outcome='passed'>
      finish pytest_collectreport --> [] [hook]
      pytest_collectreport [hook]
          report: <CollectReport 'ui/modules' lenresult=1 outcome='passed'>
      finish pytest_collectreport --> [] [hook]
      pytest_collectreport [hook]
          report: <CollectReport 'ui' lenresult=4 outcome='passed'>
      finish pytest_collectreport --> [] [hook]
      pytest_collectreport [hook]
          report: <CollectReport '.' lenresult=2 outcome='passed'>
      finish pytest_collectreport --> [] [hook]
      pytest_collection_modifyitems [hook]
          session: <Session  exitstatus=<ExitCode.OK: 0> testsfailed=0 testscollected=0>
          config: <_pytest.config.Config object at 0x105dbeb10>
          items: [<Function test_ssss[chromium]>, <Function test_example>, <Function test_example_2>]
        pytest_deselected [hook]
            items: [<Function test_example>, <Function test_example_2>]
        finish pytest_deselected --> [] [hook]
      finish pytest_collection_modifyitems --> [] [hook]
      pytest_collection_finish [hook]
          session: <Session  exitstatus=<ExitCode.OK: 0> testsfailed=0 testscollected=0>
        pytest_report_collectionfinish [hook]
            config: <_pytest.config.Config object at 0x105dbeb10>
            items: [<Function test_ssss[chromium]>]
            start_path: /Users/stallex/PycharmProjects/new_project
            startdir: /Users/stallex/PycharmProjects/new_project
        finish pytest_report_collectionfinish --> [] [hook]
      finish pytest_collection_finish --> [] [hook]
    finish pytest_collection --> None [hook]
    pytest_runtestloop [hook]
        session: <Session  exitstatus=<ExitCode.OK: 0> testsfailed=0 testscollected=1>
      pytest_runtest_protocol [hook]
          item: <Function test_ssss[chromium]>
          nextitem: None
        pytest_runtest_logstart [hook]
            nodeid: test_yo.py::test_ssss[chromium]
            location: ('test_yo.py', 51, 'test_ssss[chromium]')
        finish pytest_runtest_logstart --> [] [hook]
        pytest_runtest_setup [hook]
            item: <Function test_ssss[chromium]>
          pytest_fixture_setup [hook]
              fixturedef: <FixtureDef argname='pytestconfig' scope='session' baseid=''>
              request: <SubRequest 'pytestconfig' for <Function test_ssss[chromium]>>
          finish pytest_fixture_setup --> <_pytest.config.Config object at 0x105dbeb10> [hook]
          pytest_fixture_setup [hook]
              fixturedef: <FixtureDef argname='delete_output_dir' scope='session' baseid=''>
              request: <SubRequest 'delete_output_dir' for <Function test_ssss[chromium]>>
          finish pytest_fixture_setup --> None [hook]
          pytest_fixture_setup [hook]
              fixturedef: <FixtureDef argname='base_url' scope='session' baseid=''>
              request: <SubRequest 'base_url' for <Function test_ssss[chromium]>>
          finish pytest_fixture_setup -->  [hook]
          pytest_fixture_setup [hook]
              fixturedef: <FixtureDef argname='_verify_url' scope='session' baseid=''>
              request: <SubRequest '_verify_url' for <Function test_ssss[chromium]>>
          finish pytest_fixture_setup --> None [hook]
          pytest_fixture_setup [hook]
              fixturedef: <FixtureDef argname='_session_faker' scope='session' baseid=''>
              request: <SubRequest '_session_faker' for <Function test_ssss[chromium]>>
          finish pytest_fixture_setup --> <faker.proxy.Faker object at 0x107a9f950> [hook]
          pytest_fixture_setup [hook]
              fixturedef: <FixtureDef argname='browser_type_launch_args' scope='session' baseid=''>
              request: <SubRequest 'browser_type_launch_args' for <Function test_ssss[chromium]>>
          finish pytest_fixture_setup --> [hook]
              headless: False
          pytest_fixture_setup [hook]
              fixturedef: <FixtureDef argname='playwright' scope='session' baseid=''>
              request: <SubRequest 'playwright' for <Function test_ssss[chromium]>>
          finish pytest_fixture_setup --> <playwright._impl._playwright.Playwright object at 0x107ffc050> [hook]
          pytest_fixture_setup [hook]
              fixturedef: <FixtureDef argname='browser_name' scope='session' baseid=''>
              request: <SubRequest 'browser_name' for <Function test_ssss[chromium]>>
          finish pytest_fixture_setup --> chromium [hook]
          pytest_fixture_setup [hook]
              fixturedef: <FixtureDef argname='browser_type' scope='session' baseid=''>
              request: <SubRequest 'browser_type' for <Function test_ssss[chromium]>>
          finish pytest_fixture_setup --> <BrowserType name=chromium executable_path=/Users/stallex/Library/Caches/ms-playwright/chromium-1179/chrome-mac/Chromium.app/Contents/MacOS/Chromium> [hook]
          pytest_fixture_setup [hook]
              fixturedef: <FixtureDef argname='connect_options' scope='session' baseid=''>
              request: <SubRequest 'connect_options' for <Function test_ssss[chromium]>>
          finish pytest_fixture_setup --> None [hook]
          pytest_fixture_setup [hook]
              fixturedef: <FixtureDef argname='launch_browser' scope='session' baseid=''>
              request: <SubRequest 'launch_browser' for <Function test_ssss[chromium]>>
          finish pytest_fixture_setup --> <function launch_browser.<locals>.launch at 0x107a0f420> [hook]
          pytest_fixture_setup [hook]
              fixturedef: <FixtureDef argname='browser' scope='session' baseid=''>
              request: <SubRequest 'browser' for <Function test_ssss[chromium]>>
          finish pytest_fixture_setup --> <Browser type=<BrowserType name=chromium executable_path=/Users/stallex/Library/Caches/ms-playwright/chromium-1179/chrome-mac/Chromium.app/Contents/MacOS/Chromium> version=138.0.7204.23> [hook]
          pytest_fixture_setup [hook]
              fixturedef: <FixtureDef argname='device' scope='session' baseid=''>
              request: <SubRequest 'device' for <Function test_ssss[chromium]>>
          finish pytest_fixture_setup --> None [hook]
          pytest_fixture_setup [hook]
              fixturedef: <FixtureDef argname='_pw_artifacts_folder' scope='session' baseid=''>
              request: <SubRequest '_pw_artifacts_folder' for <Function test_ssss[chromium]>>
          finish pytest_fixture_setup --> <TemporaryDirectory '/var/folders/yk/6y2j772s43jcsj14k9wcn4q40000gn/T/playwright-pytest-r2ucz9u2'> [hook]
          pytest_fixture_setup [hook]
              fixturedef: <FixtureDef argname='browser_context_args' scope='session' baseid=''>
              request: <SubRequest 'browser_context_args' for <Function test_ssss[chromium]>>
          finish pytest_fixture_setup --> [hook]
          pytest_fixture_setup [hook]
              fixturedef: <FixtureDef argname='output_path' scope='function' baseid=''>
              request: <SubRequest 'output_path' for <Function test_ssss[chromium]>>
          finish pytest_fixture_setup --> /Users/stallex/PycharmProjects/new_project/test-results/test-yo-py-test-ssss-chromium [hook]
          pytest_fixture_setup [hook]
              fixturedef: <FixtureDef argname='_artifacts_recorder' scope='function' baseid=''>
              request: <SubRequest '_artifacts_recorder' for <Function test_ssss[chromium]>>
          finish pytest_fixture_setup --> <pytest_playwright.pytest_playwright.ArtifactsRecorder object at 0x108356f90> [hook]
          pytest_fixture_setup [hook]
              fixturedef: <FixtureDef argname='new_context' scope='function' baseid=''>
              request: <SubRequest 'new_context' for <Function test_ssss[chromium]>>
          finish pytest_fixture_setup --> <function new_context.<locals>._new_context at 0x107847880> [hook]
          pytest_fixture_setup [hook]
              fixturedef: <FixtureDef argname='context' scope='function' baseid=''>
              request: <SubRequest 'context' for <Function test_ssss[chromium]>>
          finish pytest_fixture_setup --> <BrowserContext browser=<Browser type=<BrowserType name=chromium executable_path=/Users/stallex/Library/Caches/ms-playwright/chromium-1179/chrome-mac/Chromium.app/Contents/MacOS/Chromium> version=138.0.7204.23>> [hook]
          pytest_fixture_setup [hook]
              fixturedef: <FixtureDef argname='page' scope='function' baseid=''>
              request: <SubRequest 'page' for <Function test_ssss[chromium]>>
          finish pytest_fixture_setup --> <Page url='about:blank'> [hook]
        finish pytest_runtest_setup --> None [hook]
        pytest_runtest_makereport [hook]
            item: <Function test_ssss[chromium]>
            call: <CallInfo when='setup' result: None>
        finish pytest_runtest_makereport --> <TestReport 'test_yo.py::test_ssss[chromium]' when='setup' outcome='passed'> [hook]
        pytest_runtest_logreport [hook]
            report: <TestReport 'test_yo.py::test_ssss[chromium]' when='setup' outcome='passed'>
          pytest_report_teststatus [hook]
              report: <TestReport 'test_yo.py::test_ssss[chromium]' when='setup' outcome='passed'>
              config: <_pytest.config.Config object at 0x105dbeb10>
          finish pytest_report_teststatus --> ('', '', '') [hook]
        finish pytest_runtest_logreport --> [] [hook]
        pytest_runtest_call [hook]
            item: <Function test_ssss[chromium]>
          pytest_pyfunc_call [hook]
              pyfuncitem: <Function test_ssss[chromium]>
        pytest_runtest_makereport [hook]
            item: <Function test_ssss[chromium]>
            call: <CallInfo when='call' excinfo=<ExceptionInfo TimeoutError('Locator.fill: Timeout 30000ms exceeded.\nCall log:\n  - waiting for locator("input[type=text]")\n') tblen=35>>
        finish pytest_runtest_makereport --> <TestReport 'test_yo.py::test_ssss[chromium]' when='call' outcome='failed'> [hook]
        pytest_runtest_logreport [hook]
            report: <TestReport 'test_yo.py::test_ssss[chromium]' when='call' outcome='failed'>
          pytest_report_teststatus [hook]
              report: <TestReport 'test_yo.py::test_ssss[chromium]' when='call' outcome='failed'>
              config: <_pytest.config.Config object at 0x105dbeb10>
          finish pytest_report_teststatus --> ('failed', 'F', 'FAILED') [hook]
        finish pytest_runtest_logreport --> [] [hook]
        pytest_exception_interact [hook]
            node: <Function test_ssss[chromium]>
            call: <CallInfo when='call' excinfo=<ExceptionInfo TimeoutError('Locator.fill: Timeout 30000ms exceeded.\nCall log:\n  - waiting for locator("input[type=text]")\n') tblen=35>>
            report: <TestReport 'test_yo.py::test_ssss[chromium]' when='call' outcome='failed'>
        finish pytest_exception_interact --> [] [hook]
        pytest_runtest_teardown [hook]
            item: <Function test_ssss[chromium]>
            nextitem: None
          pytest_fixture_post_finalizer [hook]
              fixturedef: <FixtureDef argname='page' scope='function' baseid=''>
              request: <SubRequest 'page' for <Function test_ssss[chromium]>>
          finish pytest_fixture_post_finalizer --> [] [hook]
          pytest_fixture_post_finalizer [hook]
              fixturedef: <FixtureDef argname='page' scope='function' baseid=''>
              request: <SubRequest 'page' for <Function test_ssss[chromium]>>
          finish pytest_fixture_post_finalizer --> [] [hook]
          pytest_fixture_post_finalizer [hook]
              fixturedef: <FixtureDef argname='context' scope='function' baseid=''>
              request: <SubRequest 'context' for <Function test_ssss[chromium]>>
          finish pytest_fixture_post_finalizer --> [] [hook]
          pytest_fixture_post_finalizer [hook]
              fixturedef: <FixtureDef argname='context' scope='function' baseid=''>
              request: <SubRequest 'context' for <Function test_ssss[chromium]>>
          finish pytest_fixture_post_finalizer --> [] [hook]
          pytest_fixture_post_finalizer [hook]
              fixturedef: <FixtureDef argname='new_context' scope='function' baseid=''>
              request: <SubRequest 'new_context' for <Function test_ssss[chromium]>>
          finish pytest_fixture_post_finalizer --> [] [hook]
          pytest_fixture_post_finalizer [hook]
              fixturedef: <FixtureDef argname='new_context' scope='function' baseid=''>
              request: <SubRequest 'new_context' for <Function test_ssss[chromium]>>
          finish pytest_fixture_post_finalizer --> [] [hook]
          pytest_fixture_post_finalizer [hook]
              fixturedef: <FixtureDef argname='_artifacts_recorder' scope='function' baseid=''>
              request: <SubRequest '_artifacts_recorder' for <Function test_ssss[chromium]>>
          finish pytest_fixture_post_finalizer --> [] [hook]
          pytest_fixture_post_finalizer [hook]
              fixturedef: <FixtureDef argname='_artifacts_recorder' scope='function' baseid=''>
              request: <SubRequest '_artifacts_recorder' for <Function test_ssss[chromium]>>
          finish pytest_fixture_post_finalizer --> [] [hook]
          pytest_fixture_post_finalizer [hook]
              fixturedef: <FixtureDef argname='output_path' scope='function' baseid=''>
              request: <SubRequest 'output_path' for <Function test_ssss[chromium]>>
          finish pytest_fixture_post_finalizer --> [] [hook]
          pytest_fixture_post_finalizer [hook]
              fixturedef: <FixtureDef argname='new_context' scope='function' baseid=''>
              request: <SubRequest 'new_context' for <Function test_ssss[chromium]>>
          finish pytest_fixture_post_finalizer --> [] [hook]
          pytest_fixture_post_finalizer [hook]
              fixturedef: <FixtureDef argname='browser_context_args' scope='session' baseid=''>
              request: <SubRequest 'browser_context_args' for <Function test_ssss[chromium]>>
          finish pytest_fixture_post_finalizer --> [] [hook]
          pytest_fixture_post_finalizer [hook]
              fixturedef: <FixtureDef argname='_artifacts_recorder' scope='function' baseid=''>
              request: <SubRequest '_artifacts_recorder' for <Function test_ssss[chromium]>>
          finish pytest_fixture_post_finalizer --> [] [hook]
          pytest_fixture_post_finalizer [hook]
              fixturedef: <FixtureDef argname='browser_context_args' scope='session' baseid=''>
              request: <SubRequest 'browser_context_args' for <Function test_ssss[chromium]>>
          finish pytest_fixture_post_finalizer --> [] [hook]
          pytest_fixture_post_finalizer [hook]
              fixturedef: <FixtureDef argname='_pw_artifacts_folder' scope='session' baseid=''>
              request: <SubRequest '_pw_artifacts_folder' for <Function test_ssss[chromium]>>
          finish pytest_fixture_post_finalizer --> [] [hook]
          pytest_fixture_post_finalizer [hook]
              fixturedef: <FixtureDef argname='browser_context_args' scope='session' baseid=''>
              request: <SubRequest 'browser_context_args' for <Function test_ssss[chromium]>>
          finish pytest_fixture_post_finalizer --> [] [hook]
          pytest_fixture_post_finalizer [hook]
              fixturedef: <FixtureDef argname='device' scope='session' baseid=''>
              request: <SubRequest 'device' for <Function test_ssss[chromium]>>
          finish pytest_fixture_post_finalizer --> [] [hook]
          pytest_fixture_post_finalizer [hook]
              fixturedef: <FixtureDef argname='new_context' scope='function' baseid=''>
              request: <SubRequest 'new_context' for <Function test_ssss[chromium]>>
          finish pytest_fixture_post_finalizer --> [] [hook]
          pytest_fixture_post_finalizer [hook]
              fixturedef: <FixtureDef argname='browser' scope='session' baseid=''>
              request: <SubRequest 'browser' for <Function test_ssss[chromium]>>
          finish pytest_fixture_post_finalizer --> [] [hook]
          pytest_fixture_post_finalizer [hook]
              fixturedef: <FixtureDef argname='browser' scope='session' baseid=''>
              request: <SubRequest 'browser' for <Function test_ssss[chromium]>>
          finish pytest_fixture_post_finalizer --> [] [hook]
          pytest_fixture_post_finalizer [hook]
              fixturedef: <FixtureDef argname='launch_browser' scope='session' baseid=''>
              request: <SubRequest 'launch_browser' for <Function test_ssss[chromium]>>
          finish pytest_fixture_post_finalizer --> [] [hook]
          pytest_fixture_post_finalizer [hook]
              fixturedef: <FixtureDef argname='launch_browser' scope='session' baseid=''>
              request: <SubRequest 'launch_browser' for <Function test_ssss[chromium]>>
          finish pytest_fixture_post_finalizer --> [] [hook]
          pytest_fixture_post_finalizer [hook]
              fixturedef: <FixtureDef argname='connect_options' scope='session' baseid=''>
              request: <SubRequest 'connect_options' for <Function test_ssss[chromium]>>
          finish pytest_fixture_post_finalizer --> [] [hook]
          pytest_fixture_post_finalizer [hook]
              fixturedef: <FixtureDef argname='launch_browser' scope='session' baseid=''>
              request: <SubRequest 'launch_browser' for <Function test_ssss[chromium]>>
          finish pytest_fixture_post_finalizer --> [] [hook]
          pytest_fixture_post_finalizer [hook]
              fixturedef: <FixtureDef argname='browser_type' scope='session' baseid=''>
              request: <SubRequest 'browser_type' for <Function test_ssss[chromium]>>
          finish pytest_fixture_post_finalizer --> [] [hook]
          pytest_fixture_post_finalizer [hook]
              fixturedef: <FixtureDef argname='browser_type' scope='session' baseid=''>
              request: <SubRequest 'browser_type' for <Function test_ssss[chromium]>>
          finish pytest_fixture_post_finalizer --> [] [hook]
          pytest_fixture_post_finalizer [hook]
              fixturedef: <FixtureDef argname='browser_name' scope='session' baseid=''>
              request: <SubRequest 'browser_name' for <Function test_ssss[chromium]>>
          finish pytest_fixture_post_finalizer --> [] [hook]
          pytest_fixture_post_finalizer [hook]
              fixturedef: <FixtureDef argname='_artifacts_recorder' scope='function' baseid=''>
              request: <SubRequest '_artifacts_recorder' for <Function test_ssss[chromium]>>
          finish pytest_fixture_post_finalizer --> [] [hook]
          pytest_fixture_post_finalizer [hook]
              fixturedef: <FixtureDef argname='browser_context_args' scope='session' baseid=''>
              request: <SubRequest 'browser_context_args' for <Function test_ssss[chromium]>>
          finish pytest_fixture_post_finalizer --> [] [hook]
          pytest_fixture_post_finalizer [hook]
              fixturedef: <FixtureDef argname='browser_type' scope='session' baseid=''>
              request: <SubRequest 'browser_type' for <Function test_ssss[chromium]>>
          finish pytest_fixture_post_finalizer --> [] [hook]
          pytest_fixture_post_finalizer [hook]
              fixturedef: <FixtureDef argname='playwright' scope='session' baseid=''>
              request: <SubRequest 'playwright' for <Function test_ssss[chromium]>>
          finish pytest_fixture_post_finalizer --> [] [hook]
          pytest_fixture_post_finalizer [hook]
              fixturedef: <FixtureDef argname='launch_browser' scope='session' baseid=''>
              request: <SubRequest 'launch_browser' for <Function test_ssss[chromium]>>
          finish pytest_fixture_post_finalizer --> [] [hook]
          pytest_fixture_post_finalizer [hook]
              fixturedef: <FixtureDef argname='browser_type_launch_args' scope='session' baseid=''>
              request: <SubRequest 'browser_type_launch_args' for <Function test_ssss[chromium]>>
          finish pytest_fixture_post_finalizer --> [] [hook]
          pytest_fixture_post_finalizer [hook]
              fixturedef: <FixtureDef argname='_session_faker' scope='session' baseid=''>
              request: <SubRequest '_session_faker' for <Function test_ssss[chromium]>>
          finish pytest_fixture_post_finalizer --> [] [hook]
          pytest_fixture_post_finalizer [hook]
              fixturedef: <FixtureDef argname='_verify_url' scope='session' baseid=''>
              request: <SubRequest '_verify_url' for <Function test_ssss[chromium]>>
          finish pytest_fixture_post_finalizer --> [] [hook]
          pytest_fixture_post_finalizer [hook]
              fixturedef: <FixtureDef argname='browser_context_args' scope='session' baseid=''>
              request: <SubRequest 'browser_context_args' for <Function test_ssss[chromium]>>
          finish pytest_fixture_post_finalizer --> [] [hook]
          pytest_fixture_post_finalizer [hook]
              fixturedef: <FixtureDef argname='_verify_url' scope='session' baseid=''>
              request: <SubRequest '_verify_url' for <Function test_ssss[chromium]>>
          finish pytest_fixture_post_finalizer --> [] [hook]
          pytest_fixture_post_finalizer [hook]
              fixturedef: <FixtureDef argname='base_url' scope='session' baseid=''>
              request: <SubRequest 'base_url' for <Function test_ssss[chromium]>>
          finish pytest_fixture_post_finalizer --> [] [hook]
          pytest_fixture_post_finalizer [hook]
              fixturedef: <FixtureDef argname='delete_output_dir' scope='session' baseid=''>
              request: <SubRequest 'delete_output_dir' for <Function test_ssss[chromium]>>
          finish pytest_fixture_post_finalizer --> [] [hook]
          pytest_fixture_post_finalizer [hook]
              fixturedef: <FixtureDef argname='_artifacts_recorder' scope='function' baseid=''>
              request: <SubRequest '_artifacts_recorder' for <Function test_ssss[chromium]>>
          finish pytest_fixture_post_finalizer --> [] [hook]
          pytest_fixture_post_finalizer [hook]
              fixturedef: <FixtureDef argname='output_path' scope='function' baseid=''>
              request: <SubRequest 'output_path' for <Function test_ssss[chromium]>>
          finish pytest_fixture_post_finalizer --> [] [hook]
          pytest_fixture_post_finalizer [hook]
              fixturedef: <FixtureDef argname='browser_context_args' scope='session' baseid=''>
              request: <SubRequest 'browser_context_args' for <Function test_ssss[chromium]>>
          finish pytest_fixture_post_finalizer --> [] [hook]
          pytest_fixture_post_finalizer [hook]
              fixturedef: <FixtureDef argname='device' scope='session' baseid=''>
              request: <SubRequest 'device' for <Function test_ssss[chromium]>>
          finish pytest_fixture_post_finalizer --> [] [hook]
          pytest_fixture_post_finalizer [hook]
              fixturedef: <FixtureDef argname='browser_type_launch_args' scope='session' baseid=''>
              request: <SubRequest 'browser_type_launch_args' for <Function test_ssss[chromium]>>
          finish pytest_fixture_post_finalizer --> [] [hook]
          pytest_fixture_post_finalizer [hook]
              fixturedef: <FixtureDef argname='delete_output_dir' scope='session' baseid=''>
              request: <SubRequest 'delete_output_dir' for <Function test_ssss[chromium]>>
          finish pytest_fixture_post_finalizer --> [] [hook]
          pytest_fixture_post_finalizer [hook]
              fixturedef: <FixtureDef argname='pytestconfig' scope='session' baseid=''>
              request: <SubRequest 'pytestconfig' for <Function test_ssss[chromium]>>
          finish pytest_fixture_post_finalizer --> [] [hook]
        finish pytest_runtest_teardown --> None [hook]
        pytest_runtest_makereport [hook]
            item: <Function test_ssss[chromium]>
            call: <CallInfo when='teardown' result: None>
        finish pytest_runtest_makereport --> <TestReport 'test_yo.py::test_ssss[chromium]' when='teardown' outcome='passed'> [hook]
        pytest_runtest_logreport [hook]
            report: <TestReport 'test_yo.py::test_ssss[chromium]' when='teardown' outcome='passed'>
          pytest_report_teststatus [hook]
              report: <TestReport 'test_yo.py::test_ssss[chromium]' when='teardown' outcome='passed'>
              config: <_pytest.config.Config object at 0x105dbeb10>
          finish pytest_report_teststatus --> ('', '', '') [hook]
        finish pytest_runtest_logreport --> [] [hook]
        pytest_runtest_logfinish [hook]
            nodeid: test_yo.py::test_ssss[chromium]
            location: ('test_yo.py', 51, 'test_ssss[chromium]')
        finish pytest_runtest_logfinish --> [] [hook]
      finish pytest_runtest_protocol --> True [hook]
    finish pytest_runtestloop --> True [hook]
    pytest_sessionfinish [hook]
        session: <Session  exitstatus=<ExitCode.TESTS_FAILED: 1> testsfailed=1 testscollected=1>
        exitstatus: 1
      pytest_terminal_summary [hook]
          terminalreporter: <_pytest.terminal.TerminalReporter object at 0x1065b8750>
          exitstatus: 1
          config: <_pytest.config.Config object at 0x105dbeb10>
        pytest_report_teststatus [hook]
            report: <TestReport 'test_yo.py::test_ssss[chromium]' when='call' outcome='failed'>
            config: <_pytest.config.Config object at 0x105dbeb10>
        finish pytest_report_teststatus --> ('failed', 'F', 'FAILED') [hook]
      finish pytest_terminal_summary --> [] [hook]
    finish pytest_sessionfinish --> [] [hook]
    pytest_unconfigure [hook]
        config: <_pytest.config.Config object at 0x105dbeb10>
    finish pytest_unconfigure --> [] [hook]
